#
# There is insufficient memory for the Java Runtime Environment to continue.
# Native memory allocation (malloc) failed to allocate 890016 bytes for Chunk::new
# Possible reasons:
#   The system is out of physical RAM or swap space
#   The process is running with CompressedOops enabled, and the Java Heap may be blocking the growth of the native heap
# Possible solutions:
#   Reduce memory load on the system
#   Increase physical memory or swap space
#   Check if swap backing store is full
#   Decrease Java heap size (-Xmx/-Xms)
#   Decrease number of Java threads
#   Decrease Java thread stack sizes (-Xss)
#   Set larger code cache with -XX:ReservedCodeCacheSize=
#   JVM is running with Unscaled Compressed Oops mode in which the Java heap is
#     placed in the first 4GB address space. The Java Heap base address is the
#     maximum limit for the native heap growth. Please use -XX:HeapBaseMinAddress
#     to set the Java Heap base and to place the Java Heap above 4GB virtual address.
# This output file may be truncated or incomplete.
#
#  Out of Memory Error (arena.cpp:168), pid=15928, tid=5888
#
# JRE version: Java(TM) SE Runtime Environment (21.0.8+12) (build 21.0.8+12-LTS-250)
# Java VM: Java HotSpot(TM) 64-Bit Server VM (21.0.8+12-LTS-250, mixed mode, sharing, tiered, compressed oops, compressed class ptrs, g1 gc, windows-amd64)
# No core dump will be written. Minidumps are not enabled by default on client versions of Windows
#

---------------  S U M M A R Y ------------

Command Line: --enable-native-access=ALL-UNNAMED -Dclassworlds.conf=C:\Users\ADMIN\.m2\wrapper\dists\apache-maven-3.9.11\03d7e36a140982eea48e22c1dcac01d8862b2550b2939e09a0809bbc5182a5bc\bin\m2.conf -Dmaven.home=C:\Users\ADMIN\.m2\wrapper\dists\apache-maven-3.9.11\03d7e36a140982eea48e22c1dcac01d8862b2550b2939e09a0809bbc5182a5bc -Dlibrary.jansi.path=C:\Users\ADMIN\.m2\wrapper\dists\apache-maven-3.9.11\03d7e36a140982eea48e22c1dcac01d8862b2550b2939e09a0809bbc5182a5bc\lib\jansi-native -Dmaven.multiModuleProjectDirectory=D:\PTPMHDV\TMDT\api-gateway org.codehaus.plexus.classworlds.launcher.Launcher quarkus:dev

Host: Intel(R) Core(TM) i5-1035G1 CPU @ 1.00GHz, 8 cores, 3G,  Windows 10 , 64 bit Build 19041 (10.0.19041.5915)
Time: Sat Dec 20 19:40:54 2025 SE Asia Standard Time elapsed time: 6.626654 seconds (0d 0h 0m 6s)

---------------  T H R E A D  ---------------

Current thread (0x000001b5f4143cf0):  JavaThread "C2 CompilerThread0" daemon [_thread_in_native, id=5888, stack(0x000000aa7b200000,0x000000aa7b300000) (1024K)]


Current CompileTask:
C2:   6626 5182       4       org.codehaus.plexus.configuration.xml.XmlPlexusConfiguration::<init> (96 bytes)

Stack: [0x000000aa7b200000,0x000000aa7b300000]
Native frames: (J=compiled Java code, j=interpreted, Vv=VM code, C=native code)
V  [jvm.dll+0x6cc179]
V  [jvm.dll+0x8584c1]
V  [jvm.dll+0x85a9ee]
V  [jvm.dll+0x85b0c3]
V  [jvm.dll+0x27ebf6]
V  [jvm.dll+0xc4f4d]
V  [jvm.dll+0xc5483]
V  [jvm.dll+0x2f209d]
V  [jvm.dll+0x5f6daa]
V  [jvm.dll+0x250702]
V  [jvm.dll+0x250abf]
V  [jvm.dll+0x2495dc]
V  [jvm.dll+0x246b44]
V  [jvm.dll+0x1c7a3e]
V  [jvm.dll+0x256359]
V  [jvm.dll+0x2548ea]
V  [jvm.dll+0x3efef6]
V  [jvm.dll+0x80279b]
V  [jvm.dll+0x6ca85d]
C  [ucrtbase.dll+0x21bb2]
C  [KERNEL32.DLL+0x17374]
C  [ntdll.dll+0x4cc91]


---------------  P R O C E S S  ---------------

Threads class SMR info:
_java_thread_list=0x000001b597b948d0, length=12, elements={
0x000001b595a2b900, 0x000001b5f41327c0, 0x000001b5f41334d0, 0x000001b5f4135050,
0x000001b5f4135aa0, 0x000001b5f41364f0, 0x000001b5f4136f40, 0x000001b5f4143cf0,
0x000001b5f4168f10, 0x000001b5f431f2c0, 0x000001b5f43005c0, 0x000001b5f939d9d0
}

Java Threads: ( => current thread )
  0x000001b595a2b900 JavaThread "main"                              [_thread_in_native, id=5588, stack(0x000000aa7a400000,0x000000aa7a500000) (1024K)]
  0x000001b5f41327c0 JavaThread "Reference Handler"          daemon [_thread_blocked, id=8624, stack(0x000000aa7ac00000,0x000000aa7ad00000) (1024K)]
  0x000001b5f41334d0 JavaThread "Finalizer"                  daemon [_thread_blocked, id=5612, stack(0x000000aa7ad00000,0x000000aa7ae00000) (1024K)]
  0x000001b5f4135050 JavaThread "Signal Dispatcher"          daemon [_thread_blocked, id=9168, stack(0x000000aa7ae00000,0x000000aa7af00000) (1024K)]
  0x000001b5f4135aa0 JavaThread "Attach Listener"            daemon [_thread_blocked, id=8344, stack(0x000000aa7af00000,0x000000aa7b000000) (1024K)]
  0x000001b5f41364f0 JavaThread "Service Thread"             daemon [_thread_blocked, id=3616, stack(0x000000aa7b000000,0x000000aa7b100000) (1024K)]
  0x000001b5f4136f40 JavaThread "Monitor Deflation Thread"   daemon [_thread_blocked, id=16248, stack(0x000000aa7b100000,0x000000aa7b200000) (1024K)]
=>0x000001b5f4143cf0 JavaThread "C2 CompilerThread0"         daemon [_thread_in_native, id=5888, stack(0x000000aa7b200000,0x000000aa7b300000) (1024K)]
  0x000001b5f4168f10 JavaThread "C1 CompilerThread0"         daemon [_thread_blocked, id=14552, stack(0x000000aa7b300000,0x000000aa7b400000) (1024K)]
  0x000001b5f431f2c0 JavaThread "Notification Thread"        daemon [_thread_blocked, id=15644, stack(0x000000aa7b400000,0x000000aa7b500000) (1024K)]
  0x000001b5f43005c0 JavaThread "Common-Cleaner"             daemon [_thread_blocked, id=1532, stack(0x000000aa7b500000,0x000000aa7b600000) (1024K)]
  0x000001b5f939d9d0 JavaThread "Thread-1"                   daemon [_thread_blocked, id=14720, stack(0x000000aa7bd00000,0x000000aa7be00000) (1024K)]
Total: 12

Other Threads:
  0x000001b597c4dc90 VMThread "VM Thread"                           [id=1712, stack(0x000000aa7ab00000,0x000000aa7ac00000) (1024K)]
  0x000001b5f411c780 WatcherThread "VM Periodic Task Thread"        [id=2292, stack(0x000000aa7aa00000,0x000000aa7ab00000) (1024K)]
  0x000001b597bb3340 WorkerThread "GC Thread#0"                     [id=14608, stack(0x000000aa7a500000,0x000000aa7a600000) (1024K)]
  0x000001b5f9048190 WorkerThread "GC Thread#1"                     [id=8716, stack(0x000000aa7b600000,0x000000aa7b700000) (1024K)]
  0x000001b5f90fb3c0 WorkerThread "GC Thread#2"                     [id=11784, stack(0x000000aa7b700000,0x000000aa7b800000) (1024K)]
  0x000001b5f90fb760 WorkerThread "GC Thread#3"                     [id=15904, stack(0x000000aa7b800000,0x000000aa7b900000) (1024K)]
  0x000001b5f90fbf10 WorkerThread "GC Thread#4"                     [id=13784, stack(0x000000aa7b900000,0x000000aa7ba00000) (1024K)]
  0x000001b5f90fc2b0 WorkerThread "GC Thread#5"                     [id=4428, stack(0x000000aa7ba00000,0x000000aa7bb00000) (1024K)]
  0x000001b5f90fc650 WorkerThread "GC Thread#6"                     [id=2240, stack(0x000000aa7bb00000,0x000000aa7bc00000) (1024K)]
  0x000001b5f4ddc770 WorkerThread "GC Thread#7"                     [id=2396, stack(0x000000aa7bc00000,0x000000aa7bd00000) (1024K)]
  0x000001b597bbda10 ConcurrentGCThread "G1 Main Marker"            [id=6752, stack(0x000000aa7a600000,0x000000aa7a700000) (1024K)]
  0x000001b597bbe4d0 WorkerThread "G1 Conc#0"                       [id=10208, stack(0x000000aa7a700000,0x000000aa7a800000) (1024K)]
  0x000001b597c2d280 ConcurrentGCThread "G1 Refine#0"               [id=13588, stack(0x000000aa7a800000,0x000000aa7a900000) (1024K)]
  0x000001b597c2dc00 ConcurrentGCThread "G1 Service"                [id=14304, stack(0x000000aa7a900000,0x000000aa7aa00000) (1024K)]
Total: 14

Threads with active compile tasks:
C2 CompilerThread0     6699 5182       4       org.codehaus.plexus.configuration.xml.XmlPlexusConfiguration::<init> (96 bytes)
Total: 1

VM state: not at safepoint (normal execution)

VM Mutex/Monitor currently owned by a thread: None

Heap address: 0x00000000c3a00000, size: 966 MB, Compressed Oops mode: 32-bit

CDS archive(s) mapped at: [0x000001b5b3000000-0x000001b5b3c90000-0x000001b5b3c90000), size 13172736, SharedBaseAddress: 0x000001b5b3000000, ArchiveRelocationMode: 1.
Compressed class space mapped at: 0x000001b5b4000000-0x000001b5f4000000, reserved size: 1073741824
Narrow klass base: 0x000001b5b3000000, Narrow klass shift: 0, Narrow klass range: 0x100000000

GC Precious Log:
 CardTable entry size: 512
 Card Set container configuration: InlinePtr #cards 5 size 8 Array Of Cards #cards 12 size 40 Howl #buckets 4 coarsen threshold 1843 Howl Bitmap #cards 512 size 80 coarsen threshold 460 Card regions per heap region 1 cards per card region 2048
 CPUs: 8 total, 8 available
 Memory: 3863M
 Large Page Support: Disabled
 NUMA Support: Disabled
 Compressed Oops: Enabled (32-bit)
 Heap Region Size: 1M
 Heap Min Capacity: 8M
 Heap Initial Capacity: 62M
 Heap Max Capacity: 966M
 Pre-touch: Disabled
 Parallel Workers: 8
 Concurrent Workers: 2
 Concurrent Refinement Workers: 8
 Periodic GC: Disabled

Heap:
 garbage-first heap   total 76800K, used 36411K [0x00000000c3a00000, 0x0000000100000000)
  region size 1024K, 18 young (18432K), 3 survivors (3072K)
 Metaspace       used 18453K, committed 18816K, reserved 1114112K
  class space    used 2023K, committed 2176K, reserved 1048576K

Heap Regions: E=young(eden), S=young(survivor), O=old, HS=humongous(starts), HC=humongous(continues), CS=collection set, F=free, TAMS=top-at-mark-start, PB=parsable bottom
|   0|0x00000000c3a00000, 0x00000000c3b00000, 0x00000000c3b00000|100%| O|  |TAMS 0x00000000c3a00000| PB 0x00000000c3a00000| Untracked 
|   1|0x00000000c3b00000, 0x00000000c3c00000, 0x00000000c3c00000|100%| O|  |TAMS 0x00000000c3b00000| PB 0x00000000c3b00000| Untracked 
|   2|0x00000000c3c00000, 0x00000000c3d00000, 0x00000000c3d00000|100%| O|  |TAMS 0x00000000c3c00000| PB 0x00000000c3c00000| Untracked 
|   3|0x00000000c3d00000, 0x00000000c3e00000, 0x00000000c3e00000|100%| O|  |TAMS 0x00000000c3d00000| PB 0x00000000c3d00000| Untracked 
|   4|0x00000000c3e00000, 0x00000000c3f00000, 0x00000000c3f00000|100%| O|  |TAMS 0x00000000c3e00000| PB 0x00000000c3e00000| Untracked 
|   5|0x00000000c3f00000, 0x00000000c4000000, 0x00000000c4000000|100%| O|  |TAMS 0x00000000c3f00000| PB 0x00000000c3f00000| Untracked 
|   6|0x00000000c4000000, 0x00000000c4100000, 0x00000000c4100000|100%| O|  |TAMS 0x00000000c4000000| PB 0x00000000c4000000| Untracked 
|   7|0x00000000c4100000, 0x00000000c4200000, 0x00000000c4200000|100%| O|  |TAMS 0x00000000c4100000| PB 0x00000000c4100000| Untracked 
|   8|0x00000000c4200000, 0x00000000c4300000, 0x00000000c4300000|100%| O|  |TAMS 0x00000000c4200000| PB 0x00000000c4200000| Untracked 
|   9|0x00000000c4300000, 0x00000000c4400000, 0x00000000c4400000|100%| O|  |TAMS 0x00000000c4300000| PB 0x00000000c4300000| Untracked 
|  10|0x00000000c4400000, 0x00000000c4500000, 0x00000000c4500000|100%| O|  |TAMS 0x00000000c4400000| PB 0x00000000c4400000| Untracked 
|  11|0x00000000c4500000, 0x00000000c4600000, 0x00000000c4600000|100%| O|  |TAMS 0x00000000c4500000| PB 0x00000000c4500000| Untracked 
|  12|0x00000000c4600000, 0x00000000c4700000, 0x00000000c4700000|100%| O|  |TAMS 0x00000000c4600000| PB 0x00000000c4600000| Untracked 
|  13|0x00000000c4700000, 0x00000000c4800000, 0x00000000c4800000|100%| O|  |TAMS 0x00000000c4700000| PB 0x00000000c4700000| Untracked 
|  14|0x00000000c4800000, 0x00000000c4900000, 0x00000000c4900000|100%| O|  |TAMS 0x00000000c4800000| PB 0x00000000c4800000| Untracked 
|  15|0x00000000c4900000, 0x00000000c4a00000, 0x00000000c4a00000|100%| O|  |TAMS 0x00000000c4900000| PB 0x00000000c4900000| Untracked 
|  16|0x00000000c4a00000, 0x00000000c4b00000, 0x00000000c4b00000|100%| O|  |TAMS 0x00000000c4a00000| PB 0x00000000c4a00000| Untracked 
|  17|0x00000000c4b00000, 0x00000000c4c00000, 0x00000000c4c00000|100%| O|  |TAMS 0x00000000c4b00000| PB 0x00000000c4b00000| Untracked 
|  18|0x00000000c4c00000, 0x00000000c4ca8060, 0x00000000c4d00000| 65%| O|  |TAMS 0x00000000c4c00000| PB 0x00000000c4c00000| Untracked 
|  19|0x00000000c4d00000, 0x00000000c4d00000, 0x00000000c4e00000|  0%| F|  |TAMS 0x00000000c4d00000| PB 0x00000000c4d00000| Untracked 
|  20|0x00000000c4e00000, 0x00000000c4e00000, 0x00000000c4f00000|  0%| F|  |TAMS 0x00000000c4e00000| PB 0x00000000c4e00000| Untracked 
|  21|0x00000000c4f00000, 0x00000000c4f00000, 0x00000000c5000000|  0%| F|  |TAMS 0x00000000c4f00000| PB 0x00000000c4f00000| Untracked 
|  22|0x00000000c5000000, 0x00000000c5000000, 0x00000000c5100000|  0%| F|  |TAMS 0x00000000c5000000| PB 0x00000000c5000000| Untracked 
|  23|0x00000000c5100000, 0x00000000c5100000, 0x00000000c5200000|  0%| F|  |TAMS 0x00000000c5100000| PB 0x00000000c5100000| Untracked 
|  24|0x00000000c5200000, 0x00000000c5200000, 0x00000000c5300000|  0%| F|  |TAMS 0x00000000c5200000| PB 0x00000000c5200000| Untracked 
|  25|0x00000000c5300000, 0x00000000c5300000, 0x00000000c5400000|  0%| F|  |TAMS 0x00000000c5300000| PB 0x00000000c5300000| Untracked 
|  26|0x00000000c5400000, 0x00000000c5400000, 0x00000000c5500000|  0%| F|  |TAMS 0x00000000c5400000| PB 0x00000000c5400000| Untracked 
|  27|0x00000000c5500000, 0x00000000c5500000, 0x00000000c5600000|  0%| F|  |TAMS 0x00000000c5500000| PB 0x00000000c5500000| Untracked 
|  28|0x00000000c5600000, 0x00000000c5600000, 0x00000000c5700000|  0%| F|  |TAMS 0x00000000c5600000| PB 0x00000000c5600000| Untracked 
|  29|0x00000000c5700000, 0x00000000c5700000, 0x00000000c5800000|  0%| F|  |TAMS 0x00000000c5700000| PB 0x00000000c5700000| Untracked 
|  30|0x00000000c5800000, 0x00000000c5800000, 0x00000000c5900000|  0%| F|  |TAMS 0x00000000c5800000| PB 0x00000000c5800000| Untracked 
|  31|0x00000000c5900000, 0x00000000c5900000, 0x00000000c5a00000|  0%| F|  |TAMS 0x00000000c5900000| PB 0x00000000c5900000| Untracked 
|  32|0x00000000c5a00000, 0x00000000c5a00000, 0x00000000c5b00000|  0%| F|  |TAMS 0x00000000c5a00000| PB 0x00000000c5a00000| Untracked 
|  33|0x00000000c5b00000, 0x00000000c5be6f60, 0x00000000c5c00000| 90%| S|CS|TAMS 0x00000000c5b00000| PB 0x00000000c5b00000| Complete 
|  34|0x00000000c5c00000, 0x00000000c5d00000, 0x00000000c5d00000|100%| S|CS|TAMS 0x00000000c5c00000| PB 0x00000000c5c00000| Complete 
|  35|0x00000000c5d00000, 0x00000000c5e00000, 0x00000000c5e00000|100%| S|CS|TAMS 0x00000000c5d00000| PB 0x00000000c5d00000| Complete 
|  36|0x00000000c5e00000, 0x00000000c5e00000, 0x00000000c5f00000|  0%| F|  |TAMS 0x00000000c5e00000| PB 0x00000000c5e00000| Untracked 
|  37|0x00000000c5f00000, 0x00000000c5f00000, 0x00000000c6000000|  0%| F|  |TAMS 0x00000000c5f00000| PB 0x00000000c5f00000| Untracked 
|  38|0x00000000c6000000, 0x00000000c6000000, 0x00000000c6100000|  0%| F|  |TAMS 0x00000000c6000000| PB 0x00000000c6000000| Untracked 
|  39|0x00000000c6100000, 0x00000000c6100000, 0x00000000c6200000|  0%| F|  |TAMS 0x00000000c6100000| PB 0x00000000c6100000| Untracked 
|  40|0x00000000c6200000, 0x00000000c6200000, 0x00000000c6300000|  0%| F|  |TAMS 0x00000000c6200000| PB 0x00000000c6200000| Untracked 
|  41|0x00000000c6300000, 0x00000000c6300000, 0x00000000c6400000|  0%| F|  |TAMS 0x00000000c6300000| PB 0x00000000c6300000| Untracked 
|  42|0x00000000c6400000, 0x00000000c6400000, 0x00000000c6500000|  0%| F|  |TAMS 0x00000000c6400000| PB 0x00000000c6400000| Untracked 
|  43|0x00000000c6500000, 0x00000000c6500000, 0x00000000c6600000|  0%| F|  |TAMS 0x00000000c6500000| PB 0x00000000c6500000| Untracked 
|  44|0x00000000c6600000, 0x00000000c6600000, 0x00000000c6700000|  0%| F|  |TAMS 0x00000000c6600000| PB 0x00000000c6600000| Untracked 
|  45|0x00000000c6700000, 0x00000000c6700000, 0x00000000c6800000|  0%| F|  |TAMS 0x00000000c6700000| PB 0x00000000c6700000| Untracked 
|  46|0x00000000c6800000, 0x00000000c6800000, 0x00000000c6900000|  0%| F|  |TAMS 0x00000000c6800000| PB 0x00000000c6800000| Untracked 
|  47|0x00000000c6900000, 0x00000000c6900000, 0x00000000c6a00000|  0%| F|  |TAMS 0x00000000c6900000| PB 0x00000000c6900000| Untracked 
|  48|0x00000000c6a00000, 0x00000000c6a00000, 0x00000000c6b00000|  0%| F|  |TAMS 0x00000000c6a00000| PB 0x00000000c6a00000| Untracked 
|  49|0x00000000c6b00000, 0x00000000c6b00000, 0x00000000c6c00000|  0%| F|  |TAMS 0x00000000c6b00000| PB 0x00000000c6b00000| Untracked 
|  50|0x00000000c6c00000, 0x00000000c6c00000, 0x00000000c6d00000|  0%| F|  |TAMS 0x00000000c6c00000| PB 0x00000000c6c00000| Untracked 
|  51|0x00000000c6d00000, 0x00000000c6d00000, 0x00000000c6e00000|  0%| F|  |TAMS 0x00000000c6d00000| PB 0x00000000c6d00000| Untracked 
|  52|0x00000000c6e00000, 0x00000000c6e00000, 0x00000000c6f00000|  0%| F|  |TAMS 0x00000000c6e00000| PB 0x00000000c6e00000| Untracked 
|  53|0x00000000c6f00000, 0x00000000c6f00000, 0x00000000c7000000|  0%| F|  |TAMS 0x00000000c6f00000| PB 0x00000000c6f00000| Untracked 
|  54|0x00000000c7000000, 0x00000000c7000000, 0x00000000c7100000|  0%| F|  |TAMS 0x00000000c7000000| PB 0x00000000c7000000| Untracked 
|  55|0x00000000c7100000, 0x00000000c7100000, 0x00000000c7200000|  0%| F|  |TAMS 0x00000000c7100000| PB 0x00000000c7100000| Untracked 
|  56|0x00000000c7200000, 0x00000000c7200000, 0x00000000c7300000|  0%| F|  |TAMS 0x00000000c7200000| PB 0x00000000c7200000| Untracked 
|  57|0x00000000c7300000, 0x00000000c7300000, 0x00000000c7400000|  0%| F|  |TAMS 0x00000000c7300000| PB 0x00000000c7300000| Untracked 
|  58|0x00000000c7400000, 0x00000000c7400000, 0x00000000c7500000|  0%| F|  |TAMS 0x00000000c7400000| PB 0x00000000c7400000| Untracked 
|  59|0x00000000c7500000, 0x00000000c7500000, 0x00000000c7600000|  0%| F|  |TAMS 0x00000000c7500000| PB 0x00000000c7500000| Untracked 
|  60|0x00000000c7600000, 0x00000000c7680000, 0x00000000c7700000| 50%| E|  |TAMS 0x00000000c7600000| PB 0x00000000c7600000| Complete 
|  61|0x00000000c7700000, 0x00000000c7800000, 0x00000000c7800000|100%| E|CS|TAMS 0x00000000c7700000| PB 0x00000000c7700000| Complete 
|  62|0x00000000c7800000, 0x00000000c7900000, 0x00000000c7900000|100%| E|CS|TAMS 0x00000000c7800000| PB 0x00000000c7800000| Complete 
|  63|0x00000000c7900000, 0x00000000c7a00000, 0x00000000c7a00000|100%| E|CS|TAMS 0x00000000c7900000| PB 0x00000000c7900000| Complete 
|  64|0x00000000c7a00000, 0x00000000c7b00000, 0x00000000c7b00000|100%| E|CS|TAMS 0x00000000c7a00000| PB 0x00000000c7a00000| Complete 
|  65|0x00000000c7b00000, 0x00000000c7c00000, 0x00000000c7c00000|100%| E|CS|TAMS 0x00000000c7b00000| PB 0x00000000c7b00000| Complete 
|  66|0x00000000c7c00000, 0x00000000c7d00000, 0x00000000c7d00000|100%| E|CS|TAMS 0x00000000c7c00000| PB 0x00000000c7c00000| Complete 
|  67|0x00000000c7d00000, 0x00000000c7e00000, 0x00000000c7e00000|100%| E|CS|TAMS 0x00000000c7d00000| PB 0x00000000c7d00000| Complete 
|  68|0x00000000c7e00000, 0x00000000c7f00000, 0x00000000c7f00000|100%| E|CS|TAMS 0x00000000c7e00000| PB 0x00000000c7e00000| Complete 
|  69|0x00000000c7f00000, 0x00000000c8000000, 0x00000000c8000000|100%| E|CS|TAMS 0x00000000c7f00000| PB 0x00000000c7f00000| Complete 
|  70|0x00000000c8000000, 0x00000000c8100000, 0x00000000c8100000|100%| E|CS|TAMS 0x00000000c8000000| PB 0x00000000c8000000| Complete 
|  71|0x00000000c8100000, 0x00000000c8200000, 0x00000000c8200000|100%| E|CS|TAMS 0x00000000c8100000| PB 0x00000000c8100000| Complete 
|  72|0x00000000c8200000, 0x00000000c8300000, 0x00000000c8300000|100%| E|CS|TAMS 0x00000000c8200000| PB 0x00000000c8200000| Complete 
|  73|0x00000000c8300000, 0x00000000c8400000, 0x00000000c8400000|100%| E|CS|TAMS 0x00000000c8300000| PB 0x00000000c8300000| Complete 
|  74|0x00000000c8400000, 0x00000000c8500000, 0x00000000c8500000|100%| E|CS|TAMS 0x00000000c8400000| PB 0x00000000c8400000| Complete 

Card table byte_map: [0x000001b5af540000,0x000001b5af730000] _byte_map_base: 0x000001b5aef23000

Marking Bits: (CMBitMap*) 0x000001b597bb4860
 Bits: [0x000001b5af730000, 0x000001b5b0648000)

Polling page: 0x000001b595b50000

Metaspace:

Usage:
  Non-class:     16.05 MB used.
      Class:      1.98 MB used.
       Both:     18.02 MB used.

Virtual space:
  Non-class space:       64.00 MB reserved,      16.25 MB ( 25%) committed,  1 nodes.
      Class space:        1.00 GB reserved,       2.12 MB ( <1%) committed,  1 nodes.
             Both:        1.06 GB reserved,      18.38 MB (  2%) committed. 

Chunk freelists:
   Non-Class:  14.86 MB
       Class:  13.73 MB
        Both:  28.59 MB

MaxMetaspaceSize: unlimited
CompressedClassSpaceSize: 1.00 GB
Initial GC threshold: 21.00 MB
Current GC threshold: 21.00 MB
CDS: on
 - commit_granule_bytes: 65536.
 - commit_granule_words: 8192.
 - virtual_space_node_default_size: 8388608.
 - enlarge_chunks_in_place: 1.
 - use_allocation_guard: 0.


Internal statistics:

num_allocs_failed_limit: 0.
num_arena_births: 230.
num_arena_deaths: 0.
num_vsnodes_births: 2.
num_vsnodes_deaths: 0.
num_space_committed: 294.
num_space_uncommitted: 0.
num_chunks_returned_to_freelist: 0.
num_chunks_taken_from_freelist: 846.
num_chunk_merges: 0.
num_chunk_splits: 599.
num_chunks_enlarged: 472.
num_inconsistent_stats: 0.

CodeHeap 'non-profiled nmethods': size=120000Kb used=2783Kb max_used=2783Kb free=117216Kb
 bounds [0x000001b5a7af0000, 0x000001b5a7db0000, 0x000001b5af020000]
CodeHeap 'profiled nmethods': size=120000Kb used=11674Kb max_used=11674Kb free=108325Kb
 bounds [0x000001b5a0020000, 0x000001b5a0b90000, 0x000001b5a7550000]
CodeHeap 'non-nmethods': size=5760Kb used=1549Kb max_used=1591Kb free=4210Kb
 bounds [0x000001b5a7550000, 0x000001b5a77c0000, 0x000001b5a7af0000]
 total_blobs=5827 nmethods=5329 adapters=402
 compilation: enabled
              stopped_count=0, restarted_count=0
 full_count=0

Compilation events (20 events):
Event: 6.504 Thread 0x000001b5f4168f10 nmethod 5315 0x000001b5a0b61190 code [0x000001b5a0b61340, 0x000001b5a0b61538]
Event: 6.547 Thread 0x000001b5f4168f10 5318       3       org.eclipse.aether.util.version.GenericVersionConstraint::<init> (23 bytes)
Event: 6.548 Thread 0x000001b5f4168f10 nmethod 5318 0x000001b5a0b61610 code [0x000001b5a0b617e0, 0x000001b5a0b61c48]
Event: 6.558 Thread 0x000001b5f4168f10 5319       3       org.eclipse.aether.util.version.GenericVersionScheme::parseVersionConstraint (262 bytes)
Event: 6.561 Thread 0x000001b5f4168f10 nmethod 5319 0x000001b5a0b61d90 code [0x000001b5a0b62360, 0x000001b5a0b65168]
Event: 6.600 Thread 0x000001b5f4168f10 5320       1       org.apache.maven.ReactorReader::getRepository (5 bytes)
Event: 6.600 Thread 0x000001b5f4168f10 nmethod 5320 0x000001b5a7da7510 code [0x000001b5a7da76a0, 0x000001b5a7da7768]
Event: 6.607 Thread 0x000001b5f4168f10 5321       3       org.apache.maven.model.building.DefaultModelBuilder::build (1154 bytes)
Event: 6.616 Thread 0x000001b5f4168f10 nmethod 5321 0x000001b5a0b66310 code [0x000001b5a0b670a0, 0x000001b5a0b700b8]
Event: 6.620 Thread 0x000001b5f4168f10 5322       3       java.util.concurrent.ConcurrentHashMap::getOrDefault (16 bytes)
Event: 6.620 Thread 0x000001b5f4168f10 nmethod 5322 0x000001b5a0b73910 code [0x000001b5a0b73ac0, 0x000001b5a0b73c70]
Event: 6.620 Thread 0x000001b5f4168f10 5323   !   3       org.apache.maven.model.ActivationOS::clone (73 bytes)
Event: 6.621 Thread 0x000001b5f4168f10 nmethod 5323 0x000001b5a0b73d10 code [0x000001b5a0b73fe0, 0x000001b5a0b74d10]
Event: 6.621 Thread 0x000001b5f4168f10 5324       1       org.apache.maven.model.ActivationOS::getName (5 bytes)
Event: 6.621 Thread 0x000001b5f4168f10 nmethod 5324 0x000001b5a7da7810 code [0x000001b5a7da79a0, 0x000001b5a7da7a68]
Event: 6.621 Thread 0x000001b5f4168f10 5325       3       java.util.Collections$UnmodifiableMap::getOrDefault (12 bytes)
Event: 6.621 Thread 0x000001b5f4168f10 nmethod 5325 0x000001b5a0b75290 code [0x000001b5a0b75440, 0x000001b5a0b75618]
Event: 6.621 Thread 0x000001b5f4168f10 5326       3       org.apache.maven.model.merge.ModelMerger::mergeDistributionManagement_Status (43 bytes)
Event: 6.622 Thread 0x000001b5f4168f10 nmethod 5326 0x000001b5a0b75710 code [0x000001b5a0b758e0, 0x000001b5a0b75c20]
Event: 6.622 Thread 0x000001b5f4168f10 5327       3       org.apache.maven.model.merge.ModelMerger::mergeDistributionManagement_DownloadUrl (43 bytes)

GC Heap History (16 events):
Event: 0.882 GC heap before
{Heap before GC invocations=0 (full 0):
 garbage-first heap   total 63488K, used 22528K [0x00000000c3a00000, 0x0000000100000000)
  region size 1024K, 23 young (23552K), 0 survivors (0K)
 Metaspace       used 5624K, committed 5888K, reserved 1114112K
  class space    used 650K, committed 768K, reserved 1048576K
}
Event: 0.892 GC heap after
{Heap after GC invocations=1 (full 0):
 garbage-first heap   total 63488K, used 3723K [0x00000000c3a00000, 0x0000000100000000)
  region size 1024K, 3 young (3072K), 3 survivors (3072K)
 Metaspace       used 5624K, committed 5888K, reserved 1114112K
  class space    used 650K, committed 768K, reserved 1048576K
}
Event: 1.518 GC heap before
{Heap before GC invocations=1 (full 0):
 garbage-first heap   total 63488K, used 33419K [0x00000000c3a00000, 0x0000000100000000)
  region size 1024K, 32 young (32768K), 3 survivors (3072K)
 Metaspace       used 9114K, committed 9280K, reserved 1114112K
  class space    used 1072K, committed 1152K, reserved 1048576K
}
Event: 1.528 GC heap after
{Heap after GC invocations=2 (full 0):
 garbage-first heap   total 63488K, used 5227K [0x00000000c3a00000, 0x0000000100000000)
  region size 1024K, 2 young (2048K), 2 survivors (2048K)
 Metaspace       used 9114K, committed 9280K, reserved 1114112K
  class space    used 1072K, committed 1152K, reserved 1048576K
}
Event: 2.483 GC heap before
{Heap before GC invocations=2 (full 0):
 garbage-first heap   total 63488K, used 41067K [0x00000000c3a00000, 0x0000000100000000)
  region size 1024K, 37 young (37888K), 2 survivors (2048K)
 Metaspace       used 15107K, committed 15424K, reserved 1114112K
  class space    used 1787K, committed 1920K, reserved 1048576K
}
Event: 2.495 GC heap after
{Heap after GC invocations=3 (full 0):
 garbage-first heap   total 63488K, used 9422K [0x00000000c3a00000, 0x0000000100000000)
  region size 1024K, 5 young (5120K), 5 survivors (5120K)
 Metaspace       used 15107K, committed 15424K, reserved 1114112K
  class space    used 1787K, committed 1920K, reserved 1048576K
}
Event: 3.128 GC heap before
{Heap before GC invocations=3 (full 0):
 garbage-first heap   total 63488K, used 42190K [0x00000000c3a00000, 0x0000000100000000)
  region size 1024K, 37 young (37888K), 5 survivors (5120K)
 Metaspace       used 15498K, committed 15808K, reserved 1114112K
  class space    used 1793K, committed 1920K, reserved 1048576K
}
Event: 3.138 GC heap after
{Heap after GC invocations=4 (full 0):
 garbage-first heap   total 63488K, used 11606K [0x00000000c3a00000, 0x0000000100000000)
  region size 1024K, 2 young (2048K), 2 survivors (2048K)
 Metaspace       used 15498K, committed 15808K, reserved 1114112K
  class space    used 1793K, committed 1920K, reserved 1048576K
}
Event: 3.836 GC heap before
{Heap before GC invocations=4 (full 0):
 garbage-first heap   total 63488K, used 47446K [0x00000000c3a00000, 0x0000000100000000)
  region size 1024K, 37 young (37888K), 2 survivors (2048K)
 Metaspace       used 15826K, committed 16128K, reserved 1114112K
  class space    used 1797K, committed 1920K, reserved 1048576K
}
Event: 3.843 GC heap after
{Heap after GC invocations=5 (full 0):
 garbage-first heap   total 76800K, used 14134K [0x00000000c3a00000, 0x0000000100000000)
  region size 1024K, 5 young (5120K), 5 survivors (5120K)
 Metaspace       used 15826K, committed 16128K, reserved 1114112K
  class space    used 1797K, committed 1920K, reserved 1048576K
}
Event: 4.568 GC heap before
{Heap before GC invocations=5 (full 0):
 garbage-first heap   total 76800K, used 55094K [0x00000000c3a00000, 0x0000000100000000)
  region size 1024K, 45 young (46080K), 5 survivors (5120K)
 Metaspace       used 16116K, committed 16448K, reserved 1114112K
  class space    used 1800K, committed 1920K, reserved 1048576K
}
Event: 4.576 GC heap after
{Heap after GC invocations=6 (full 0):
 garbage-first heap   total 76800K, used 15360K [0x00000000c3a00000, 0x0000000100000000)
  region size 1024K, 4 young (4096K), 4 survivors (4096K)
 Metaspace       used 16116K, committed 16448K, reserved 1114112K
  class space    used 1800K, committed 1920K, reserved 1048576K
}
Event: 5.653 GC heap before
{Heap before GC invocations=6 (full 0):
 garbage-first heap   total 76800K, used 57344K [0x00000000c3a00000, 0x0000000100000000)
  region size 1024K, 45 young (46080K), 4 survivors (4096K)
 Metaspace       used 16894K, committed 17152K, reserved 1114112K
  class space    used 1865K, committed 1984K, reserved 1048576K
}
Event: 5.662 GC heap after
{Heap after GC invocations=7 (full 0):
 garbage-first heap   total 76800K, used 19901K [0x00000000c3a00000, 0x0000000100000000)
  region size 1024K, 6 young (6144K), 6 survivors (6144K)
 Metaspace       used 16894K, committed 17152K, reserved 1114112K
  class space    used 1865K, committed 1984K, reserved 1048576K
}
Event: 6.461 GC heap before
{Heap before GC invocations=7 (full 0):
 garbage-first heap   total 76800K, used 59837K [0x00000000c3a00000, 0x0000000100000000)
  region size 1024K, 45 young (46080K), 6 survivors (6144K)
 Metaspace       used 18408K, committed 18752K, reserved 1114112K
  class space    used 2023K, committed 2176K, reserved 1048576K
}
Event: 6.473 GC heap after
{Heap after GC invocations=8 (full 0):
 garbage-first heap   total 76800K, used 22075K [0x00000000c3a00000, 0x0000000100000000)
  region size 1024K, 3 young (3072K), 3 survivors (3072K)
 Metaspace       used 18408K, committed 18752K, reserved 1114112K
  class space    used 2023K, committed 2176K, reserved 1048576K
}

Dll operation events (8 events):
Event: 0.007 Loaded shared library C:\Program Files\Java\jdk-21\bin\java.dll
Event: 0.040 Loaded shared library C:\Program Files\Java\jdk-21\bin\jsvml.dll
Event: 0.064 Loaded shared library C:\Program Files\Java\jdk-21\bin\net.dll
Event: 0.069 Loaded shared library C:\Program Files\Java\jdk-21\bin\nio.dll
Event: 0.075 Loaded shared library C:\Program Files\Java\jdk-21\bin\zip.dll
Event: 0.349 Loaded shared library C:\Program Files\Java\jdk-21\bin\jimage.dll
Event: 0.356 Loaded shared library C:\Users\ADMIN\.m2\wrapper\dists\apache-maven-3.9.11\03d7e36a140982eea48e22c1dcac01d8862b2550b2939e09a0809bbc5182a5bc\lib\jansi-native\Windows\x86_64\jansi.dll
Event: 0.376 Loaded shared library C:\Program Files\Java\jdk-21\bin\verify.dll

Deoptimization events (20 events):
Event: 6.019 Thread 0x000001b595a2b900 Uncommon trap: trap_request=0xffffff45 fr.pc=0x000001b5a7bc5bc8 relative=0x0000000000000288
Event: 6.019 Thread 0x000001b595a2b900 Uncommon trap: reason=unstable_if action=reinterpret pc=0x000001b5a7bc5bc8 method=java.util.HashMap.hash(Ljava/lang/Object;)I @ 1 c2
Event: 6.019 Thread 0x000001b595a2b900 DEOPT PACKING pc=0x000001b5a7bc5bc8 sp=0x000000aa7a4fea10
Event: 6.019 Thread 0x000001b595a2b900 DEOPT UNPACKING pc=0x000001b5a75a7da2 sp=0x000000aa7a4fe8a8 mode 2
Event: 6.019 Thread 0x000001b595a2b900 Uncommon trap: trap_request=0xffffff45 fr.pc=0x000001b5a7bae294 relative=0x00000000000000f4
Event: 6.019 Thread 0x000001b595a2b900 Uncommon trap: reason=unstable_if action=reinterpret pc=0x000001b5a7bae294 method=java.util.HashMap.hash(Ljava/lang/Object;)I @ 1 c2
Event: 6.019 Thread 0x000001b595a2b900 DEOPT PACKING pc=0x000001b5a7bae294 sp=0x000000aa7a4fea70
Event: 6.019 Thread 0x000001b595a2b900 DEOPT UNPACKING pc=0x000001b5a75a7da2 sp=0x000000aa7a4fe9b0 mode 2
Event: 6.088 Thread 0x000001b595a2b900 Uncommon trap: trap_request=0xffffff45 fr.pc=0x000001b5a7bce6c4 relative=0x00000000000000a4
Event: 6.088 Thread 0x000001b595a2b900 Uncommon trap: reason=unstable_if action=reinterpret pc=0x000001b5a7bce6c4 method=java.lang.ref.ReferenceQueue.poll()Ljava/lang/ref/Reference; @ 4 c2
Event: 6.088 Thread 0x000001b595a2b900 DEOPT PACKING pc=0x000001b5a7bce6c4 sp=0x000000aa7a4fde00
Event: 6.088 Thread 0x000001b595a2b900 DEOPT UNPACKING pc=0x000001b5a75a7da2 sp=0x000000aa7a4fdce8 mode 2
Event: 6.180 Thread 0x000001b595a2b900 DEOPT PACKING pc=0x000001b5a00e1723 sp=0x000000aa7a4fccb0
Event: 6.180 Thread 0x000001b595a2b900 DEOPT UNPACKING pc=0x000001b5a75a88e2 sp=0x000000aa7a4fc190 mode 0
Event: 6.412 Thread 0x000001b595a2b900 Uncommon trap: trap_request=0xffffff45 fr.pc=0x000001b5a7afb41c relative=0x00000000000001fc
Event: 6.412 Thread 0x000001b595a2b900 Uncommon trap: reason=unstable_if action=reinterpret pc=0x000001b5a7afb41c method=java.lang.String.indexOf(II)I @ 4 c2
Event: 6.412 Thread 0x000001b595a2b900 DEOPT PACKING pc=0x000001b5a7afb41c sp=0x000000aa7a4fbe70
Event: 6.412 Thread 0x000001b595a2b900 DEOPT UNPACKING pc=0x000001b5a75a7da2 sp=0x000000aa7a4fbdf8 mode 2
Event: 6.595 Thread 0x000001b595a2b900 DEOPT PACKING pc=0x000001b5a00e19f9 sp=0x000000aa7a4fbfe0
Event: 6.595 Thread 0x000001b595a2b900 DEOPT UNPACKING pc=0x000001b5a75a88e2 sp=0x000000aa7a4fb4d0 mode 0

Classes loaded (20 events):
Event: 5.863 Loading class sun/nio/fs/WindowsChannelFactory$2
Event: 5.864 Loading class sun/nio/fs/WindowsChannelFactory$2 done
Event: 5.866 Loading class java/util/stream/Streams$1
Event: 5.866 Loading class java/util/stream/Streams$1 done
Event: 5.866 Loading class java/nio/file/FileChannelLinesSpliterator$1
Event: 5.866 Loading class java/nio/file/FileChannelLinesSpliterator$1 done
Event: 5.888 Loading class sun/nio/fs/WindowsException
Event: 5.889 Loading class sun/nio/fs/WindowsException done
Event: 5.889 Loading class java/nio/file/NoSuchFileException
Event: 5.890 Loading class java/nio/file/NoSuchFileException done
Event: 5.936 Loading class java/util/stream/MatchOps$MatchKind
Event: 5.936 Loading class java/util/stream/MatchOps$MatchKind done
Event: 5.936 Loading class java/util/stream/MatchOps
Event: 5.937 Loading class java/util/stream/MatchOps done
Event: 5.937 Loading class java/util/stream/MatchOps$MatchOp
Event: 5.937 Loading class java/util/stream/MatchOps$MatchOp done
Event: 5.938 Loading class java/util/stream/MatchOps$BooleanTerminalSink
Event: 5.938 Loading class java/util/stream/MatchOps$BooleanTerminalSink done
Event: 5.939 Loading class java/util/stream/MatchOps$1MatchSink
Event: 5.939 Loading class java/util/stream/MatchOps$1MatchSink done

Classes unloaded (0 events):
No events

Classes redefined (0 events):
No events

Internal exceptions (20 events):
Event: 1.942 Thread 0x000001b595a2b900 Exception <a 'java/lang/NoSuchMethodError'{0x00000000c67d8758}: 'void java.lang.invoke.Invokers$Holder.invokeExact_MT(java.lang.Object, java.lang.Object, java.lang.Object, java.lang.Object)'> (0x00000000c67d8758) 
thrown [s\open\src\hotspot\share\interpreter\linkResolver.cpp, line 773]
Event: 1.957 Thread 0x000001b595a2b900 Exception <a 'java/lang/NoClassDefFoundError'{0x00000000c666c2e8}: com/google/inject/servlet/ServletModuleTargetVisitor> (0x00000000c666c2e8) 
thrown [s\open\src\hotspot\share\classfile\systemDictionary.cpp, line 301]
Event: 2.016 Thread 0x000001b595a2b900 Exception <a 'java/lang/NoSuchMethodError'{0x00000000c6435568}: 'void java.lang.invoke.DirectMethodHandle$Holder.invokeVirtual(java.lang.Object, java.lang.Object)'> (0x00000000c6435568) 
thrown [s\open\src\hotspot\share\interpreter\linkResolver.cpp, line 773]
Event: 2.054 Thread 0x000001b595a2b900 Exception <a 'java/lang/NoSuchMethodError'{0x00000000c64b50f8}: 'java.lang.Object java.lang.invoke.DirectMethodHandle$Holder.invokeStaticInit(java.lang.Object, int, int, int, int)'> (0x00000000c64b50f8) 
thrown [s\open\src\hotspot\share\interpreter\linkResolver.cpp, line 773]
Event: 2.190 Thread 0x000001b595a2b900 Implicit null exception at 0x000001b5a7b1f5a4 to 0x000001b5a7b1fc74
Event: 2.190 Thread 0x000001b595a2b900 Implicit null exception at 0x000001b5a7b23020 to 0x000001b5a7b236e0
Event: 2.192 Thread 0x000001b595a2b900 Exception <a 'java/lang/NoSuchMethodError'{0x00000000c5f15ef8}: 'java.lang.Object java.lang.invoke.DirectMethodHandle$Holder.newInvokeSpecial(java.lang.Object, java.lang.Object, java.lang.Object, java.lang.Object, java.lang.Object, java.lang.Object)'> (0x00000000c5f15ef8) 
thrown [s\open\src\hotspot\share\interpreter\linkResolver.cpp, line 773]
Event: 2.193 Thread 0x000001b595a2b900 Exception <a 'java/lang/NoSuchMethodError'{0x00000000c5f1c600}: 'void java.lang.invoke.DirectMethodHandle$Holder.invokeSpecial(java.lang.Object, java.lang.Object, java.lang.Object, java.lang.Object, java.lang.Object)'> (0x00000000c5f1c600) 
thrown [s\open\src\hotspot\share\interpreter\linkResolver.cpp, line 773]
Event: 2.207 Thread 0x000001b595a2b900 Exception <a 'java/lang/NoSuchMethodError'{0x00000000c5f7e9b8}: 'java.lang.Object java.lang.invoke.DirectMethodHandle$Holder.invokeVirtual(java.lang.Object, java.lang.Object, java.lang.Object)'> (0x00000000c5f7e9b8) 
thrown [s\open\src\hotspot\share\interpreter\linkResolver.cpp, line 773]
Event: 2.210 Thread 0x000001b595a2b900 Exception <a 'java/lang/NoSuchMethodError'{0x00000000c5f8b7a8}: 'void java.lang.invoke.DirectMethodHandle$Holder.invokeSpecial(java.lang.Object, java.lang.Object, java.lang.Object, java.lang.Object, java.lang.Object, java.lang.Object)'> (0x00000000c5f8b7a8) 
thrown [s\open\src\hotspot\share\interpreter\linkResolver.cpp, line 773]
Event: 2.241 Thread 0x000001b595a2b900 Exception <a 'java/lang/NoSuchMethodError'{0x00000000c5eb2870}: 'void java.lang.invoke.DirectMethodHandle$Holder.invokeVirtual(java.lang.Object, java.lang.Object, int)'> (0x00000000c5eb2870) 
thrown [s\open\src\hotspot\share\interpreter\linkResolver.cpp, line 773]
Event: 2.242 Thread 0x000001b595a2b900 Exception <a 'java/lang/NoSuchMethodError'{0x00000000c5eb6620}: 'void java.lang.invoke.DirectMethodHandle$Holder.invokeSpecial(java.lang.Object, java.lang.Object, java.lang.Object, int)'> (0x00000000c5eb6620) 
thrown [s\open\src\hotspot\share\interpreter\linkResolver.cpp, line 773]
Event: 2.242 Thread 0x000001b595a2b900 Exception <a 'java/lang/NoSuchMethodError'{0x00000000c5eb9cf0}: 'void java.lang.invoke.DelegatingMethodHandle$Holder.reinvoke_L(java.lang.Object, java.lang.Object, int)'> (0x00000000c5eb9cf0) 
thrown [s\open\src\hotspot\share\interpreter\linkResolver.cpp, line 773]
Event: 5.640 Thread 0x000001b595a2b900 Exception <a 'java/lang/NoClassDefFoundError'{0x00000000c5872b18}: org/eclipse/aether/spi/artifact/transformer/ArtifactTransformer> (0x00000000c5872b18) 
thrown [s\open\src\hotspot\share\classfile\systemDictionary.cpp, line 301]
Event: 5.798 Thread 0x000001b595a2b900 Implicit null exception at 0x000001b5a7c9a977 to 0x000001b5a7c9b160
Event: 5.889 Thread 0x000001b595a2b900 Exception <a 'sun/nio/fs/WindowsException'{0x00000000c7d30c68}> (0x00000000c7d30c68) 
thrown [s\open\src\hotspot\share\prims\jni.cpp, line 520]
Event: 6.018 Thread 0x000001b595a2b900 Implicit null exception at 0x000001b5a7c232a8 to 0x000001b5a7c24b18
Event: 6.019 Thread 0x000001b595a2b900 Implicit null exception at 0x000001b5a7bc599a to 0x000001b5a7bc5bb0
Event: 6.019 Thread 0x000001b595a2b900 Implicit null exception at 0x000001b5a7bae1e6 to 0x000001b5a7bae28a
Event: 6.028 Thread 0x000001b595a2b900 Exception <a 'java/lang/NoSuchMethodError'{0x00000000c7754380}: 'int java.lang.invoke.DirectMethodHandle$Holder.invokeSpecialIFC(java.lang.Object, java.lang.Object, java.lang.Object, java.lang.Object)'> (0x00000000c7754380) 
thrown [s\open\src\hotspot\share\interpreter\linkResolver.cpp, line 773]

ZGC Phase Switch (0 events):
No events

VM Operations (20 events):
Event: 2.917 Executing VM operation: ICBufferFull
Event: 2.917 Executing VM operation: ICBufferFull done
Event: 3.128 Executing VM operation: G1CollectForAllocation (G1 Evacuation Pause)
Event: 3.138 Executing VM operation: G1CollectForAllocation (G1 Evacuation Pause) done
Event: 3.836 Executing VM operation: G1CollectForAllocation (G1 Evacuation Pause)
Event: 3.843 Executing VM operation: G1CollectForAllocation (G1 Evacuation Pause) done
Event: 4.568 Executing VM operation: G1CollectForAllocation (G1 Evacuation Pause)
Event: 4.576 Executing VM operation: G1CollectForAllocation (G1 Evacuation Pause) done
Event: 5.590 Executing VM operation: Cleanup
Event: 5.590 Executing VM operation: Cleanup done
Event: 5.652 Executing VM operation: G1CollectForAllocation (G1 Evacuation Pause)
Event: 5.662 Executing VM operation: G1CollectForAllocation (G1 Evacuation Pause) done
Event: 5.679 Executing VM operation: HandshakeAllThreads (Deoptimize)
Event: 5.679 Executing VM operation: HandshakeAllThreads (Deoptimize) done
Event: 6.066 Executing VM operation: ICBufferFull
Event: 6.066 Executing VM operation: ICBufferFull done
Event: 6.442 Executing VM operation: ICBufferFull
Event: 6.442 Executing VM operation: ICBufferFull done
Event: 6.461 Executing VM operation: G1CollectForAllocation (G1 Evacuation Pause)
Event: 6.473 Executing VM operation: G1CollectForAllocation (G1 Evacuation Pause) done

Events (14 events):
Event: 0.022 Thread 0x000001b595a2b900 Thread added: 0x000001b595a2b900
Event: 0.037 Thread 0x000001b5f41327c0 Thread added: 0x000001b5f41327c0
Event: 0.037 Thread 0x000001b5f41334d0 Thread added: 0x000001b5f41334d0
Event: 0.037 Thread 0x000001b5f4135050 Thread added: 0x000001b5f4135050
Event: 0.037 Thread 0x000001b5f4135aa0 Thread added: 0x000001b5f4135aa0
Event: 0.037 Thread 0x000001b5f41364f0 Thread added: 0x000001b5f41364f0
Event: 0.038 Thread 0x000001b5f4136f40 Thread added: 0x000001b5f4136f40
Event: 0.038 Thread 0x000001b5f4143cf0 Thread added: 0x000001b5f4143cf0
Event: 0.038 Thread 0x000001b5f4168f10 Thread added: 0x000001b5f4168f10
Event: 0.052 Thread 0x000001b5f431f2c0 Thread added: 0x000001b5f431f2c0
Event: 0.055 Thread 0x000001b5f43005c0 Thread added: 0x000001b5f43005c0
Event: 0.347 Thread 0x000001b5f46185c0 Thread added: 0x000001b5f46185c0
Event: 0.426 Thread 0x000001b5f46185c0 Thread exited: 0x000001b5f46185c0
Event: 2.118 Thread 0x000001b5f939d9d0 Thread added: 0x000001b5f939d9d0


Dynamic libraries:
0x00007ff7b7460000 - 0x00007ff7b7470000 	C:\Program Files\Java\jdk-21\bin\java.exe
0x00007ffe06f90000 - 0x00007ffe07188000 	C:\Windows\SYSTEM32\ntdll.dll
0x00007ffe06e40000 - 0x00007ffe06f02000 	C:\Windows\System32\KERNEL32.DLL
0x00007ffe04aa0000 - 0x00007ffe04d96000 	C:\Windows\System32\KERNELBASE.dll
0x00007ffe04830000 - 0x00007ffe04930000 	C:\Windows\System32\ucrtbase.dll
0x00007ffdfc870000 - 0x00007ffdfc88b000 	C:\Program Files\Java\jdk-21\bin\VCRUNTIME140.dll
0x00007ffdfd8b0000 - 0x00007ffdfd8c9000 	C:\Program Files\Java\jdk-21\bin\jli.dll
0x00007ffe06060000 - 0x00007ffe06111000 	C:\Windows\System32\ADVAPI32.dll
0x00007ffe05ab0000 - 0x00007ffe05b4e000 	C:\Windows\System32\msvcrt.dll
0x00007ffe05a10000 - 0x00007ffe05aaf000 	C:\Windows\System32\sechost.dll
0x00007ffe06400000 - 0x00007ffe06520000 	C:\Windows\System32\RPCRT4.dll
0x00007ffe04e60000 - 0x00007ffe04e87000 	C:\Windows\System32\bcrypt.dll
0x00007ffe05680000 - 0x00007ffe05821000 	C:\Windows\System32\USER32.dll
0x00007ffdf2c10000 - 0x00007ffdf2eab000 	C:\Windows\WinSxS\amd64_microsoft.windows.common-controls_6595b64144ccf1df_6.0.19041.6456_none_60b8a6cb71f64256\COMCTL32.dll
0x00007ffe04e30000 - 0x00007ffe04e52000 	C:\Windows\System32\win32u.dll
0x00007ffe05100000 - 0x00007ffe0512b000 	C:\Windows\System32\GDI32.dll
0x00007ffe04e90000 - 0x00007ffe04fa9000 	C:\Windows\System32\gdi32full.dll
0x00007ffe04980000 - 0x00007ffe04a1d000 	C:\Windows\System32\msvcp_win.dll
0x00007ffdfe190000 - 0x00007ffdfe19a000 	C:\Windows\SYSTEM32\VERSION.dll
0x00007ffe06f10000 - 0x00007ffe06f3f000 	C:\Windows\System32\IMM32.DLL
0x00007ffdffe80000 - 0x00007ffdffe8c000 	C:\Program Files\Java\jdk-21\bin\vcruntime140_1.dll
0x00007ffde1280000 - 0x00007ffde130e000 	C:\Program Files\Java\jdk-21\bin\msvcp140.dll
0x00007ffd94d00000 - 0x00007ffd95a1d000 	C:\Program Files\Java\jdk-21\bin\server\jvm.dll
0x00007ffe06120000 - 0x00007ffe0618b000 	C:\Windows\System32\WS2_32.dll
0x00007ffe04480000 - 0x00007ffe044cb000 	C:\Windows\SYSTEM32\POWRPROF.dll
0x00007ffdf3200000 - 0x00007ffdf3227000 	C:\Windows\SYSTEM32\WINMM.dll
0x00007ffe04460000 - 0x00007ffe04472000 	C:\Windows\SYSTEM32\UMPDC.dll
0x00007ffe02df0000 - 0x00007ffe02e02000 	C:\Windows\SYSTEM32\kernel.appcore.dll
0x00007ffdfc860000 - 0x00007ffdfc86a000 	C:\Program Files\Java\jdk-21\bin\jimage.dll
0x00007ffe02180000 - 0x00007ffe02381000 	C:\Windows\SYSTEM32\DBGHELP.DLL
0x00007ffdfda90000 - 0x00007ffdfdac4000 	C:\Windows\SYSTEM32\dbgcore.DLL
0x00007ffe04da0000 - 0x00007ffe04e22000 	C:\Windows\System32\bcryptPrimitives.dll
0x00007ffdfbbe0000 - 0x00007ffdfbbff000 	C:\Program Files\Java\jdk-21\bin\java.dll
0x00007ffe06520000 - 0x00007ffe06c90000 	C:\Windows\System32\SHELL32.dll
0x00007ffe02630000 - 0x00007ffe02dd5000 	C:\Windows\SYSTEM32\windows.storage.dll
0x00007ffe05210000 - 0x00007ffe05564000 	C:\Windows\System32\combase.dll
0x00007ffe03f70000 - 0x00007ffe03f9b000 	C:\Windows\SYSTEM32\Wldp.dll
0x00007ffe06190000 - 0x00007ffe0625d000 	C:\Windows\System32\OLEAUT32.dll
0x00007ffe05960000 - 0x00007ffe05a0d000 	C:\Windows\System32\SHCORE.dll
0x00007ffe058f0000 - 0x00007ffe0594b000 	C:\Windows\System32\shlwapi.dll
0x00007ffe04550000 - 0x00007ffe04574000 	C:\Windows\SYSTEM32\profapi.dll
0x00007ffde0c40000 - 0x00007ffde0d17000 	C:\Program Files\Java\jdk-21\bin\jsvml.dll
0x00007ffdfbc90000 - 0x00007ffdfbca0000 	C:\Program Files\Java\jdk-21\bin\net.dll
0x00007ffdfb000000 - 0x00007ffdfb10a000 	C:\Windows\SYSTEM32\WINHTTP.dll
0x00007ffe03c80000 - 0x00007ffe03cea000 	C:\Windows\system32\mswsock.dll
0x00007ffdf25e0000 - 0x00007ffdf25f6000 	C:\Program Files\Java\jdk-21\bin\nio.dll
0x00007ffdf2590000 - 0x00007ffdf25a8000 	C:\Program Files\Java\jdk-21\bin\zip.dll
0x00007ffde9450000 - 0x00007ffde9474000 	C:\Users\ADMIN\.m2\wrapper\dists\apache-maven-3.9.11\03d7e36a140982eea48e22c1dcac01d8862b2550b2939e09a0809bbc5182a5bc\lib\jansi-native\Windows\x86_64\jansi.dll
0x00007ffdf25d0000 - 0x00007ffdf25e0000 	C:\Program Files\Java\jdk-21\bin\verify.dll

dbghelp: loaded successfully - version: 4.0.5 - missing functions: none
symbol engine: initialized successfully - sym options: 0x614 - pdb path: .;C:\Program Files\Java\jdk-21\bin;C:\Windows\SYSTEM32;C:\Windows\WinSxS\amd64_microsoft.windows.common-controls_6595b64144ccf1df_6.0.19041.6456_none_60b8a6cb71f64256;C:\Program Files\Java\jdk-21\bin\server;C:\Users\ADMIN\.m2\wrapper\dists\apache-maven-3.9.11\03d7e36a140982eea48e22c1dcac01d8862b2550b2939e09a0809bbc5182a5bc\lib\jansi-native\Windows\x86_64

VM Arguments:
jvm_args: --enable-native-access=ALL-UNNAMED -Dclassworlds.conf=C:\Users\ADMIN\.m2\wrapper\dists\apache-maven-3.9.11\03d7e36a140982eea48e22c1dcac01d8862b2550b2939e09a0809bbc5182a5bc\bin\m2.conf -Dmaven.home=C:\Users\ADMIN\.m2\wrapper\dists\apache-maven-3.9.11\03d7e36a140982eea48e22c1dcac01d8862b2550b2939e09a0809bbc5182a5bc -Dlibrary.jansi.path=C:\Users\ADMIN\.m2\wrapper\dists\apache-maven-3.9.11\03d7e36a140982eea48e22c1dcac01d8862b2550b2939e09a0809bbc5182a5bc\lib\jansi-native -Dmaven.multiModuleProjectDirectory=D:\PTPMHDV\TMDT\api-gateway 
java_command: org.codehaus.plexus.classworlds.launcher.Launcher quarkus:dev
java_class_path (initial): C:\Users\ADMIN\.m2\wrapper\dists\apache-maven-3.9.11\03d7e36a140982eea48e22c1dcac01d8862b2550b2939e09a0809bbc5182a5bc\boot\plexus-classworlds-2.9.0.jar
Launcher Type: SUN_STANDARD

[Global flags]
     intx CICompilerCount                          = 4                                         {product} {ergonomic}
     uint ConcGCThreads                            = 2                                         {product} {ergonomic}
     uint G1ConcRefinementThreads                  = 8                                         {product} {ergonomic}
   size_t G1HeapRegionSize                         = 1048576                                   {product} {ergonomic}
    uintx GCDrainStackTargetSize                   = 64                                        {product} {ergonomic}
   size_t InitialHeapSize                          = 65011712                                  {product} {ergonomic}
   size_t MarkStackSize                            = 4194304                                   {product} {ergonomic}
   size_t MaxHeapSize                              = 1012924416                                {product} {ergonomic}
   size_t MaxNewSize                               = 607125504                                 {product} {ergonomic}
   size_t MinHeapDeltaBytes                        = 1048576                                   {product} {ergonomic}
   size_t MinHeapSize                              = 8388608                                   {product} {ergonomic}
    uintx NonNMethodCodeHeapSize                   = 5839372                                {pd product} {ergonomic}
    uintx NonProfiledCodeHeapSize                  = 122909434                              {pd product} {ergonomic}
    uintx ProfiledCodeHeapSize                     = 122909434                              {pd product} {ergonomic}
    uintx ReservedCodeCacheSize                    = 251658240                              {pd product} {ergonomic}
     bool SegmentedCodeCache                       = true                                      {product} {ergonomic}
   size_t SoftMaxHeapSize                          = 1012924416                             {manageable} {ergonomic}
     bool UseCompressedOops                        = true                           {product lp64_product} {ergonomic}
     bool UseG1GC                                  = true                                      {product} {ergonomic}
     bool UseLargePagesIndividualAllocation        = false                                  {pd product} {ergonomic}

Logging:
Log output configuration:
 #0: stdout all=warning uptime,level,tags foldmultilines=false
 #1: stderr all=off uptime,level,tags foldmultilines=false

Environment Variables:
PATH=C:\Program Files\Common Files\Oracle\Java\javapath;C:\Windows\system32;C:\Windows;C:\Windows\System32\Wbem;C:\Windows\System32\WindowsPowerShell\v1.0\;C:\Windows\System32\OpenSSH\;C:\Program Files (x86)\Rational\common;C:\Program Files\Microsoft SQL Server\150\Tools\Binn\;C:\Program Files\Microsoft SQL Server\Client SDK\ODBC\170\Tools\Binn\;C:\Program Files\dotnet\;C:\Program Files (x86)\Microsoft SQL Server\160\DTS\Binn\;C:\Program Files (x86)\Microsoft SQL Server\170\Tools\Binn\;C:\Program Files\Microsoft SQL Server\170\Tools\Binn\;C:\Program Files\Microsoft SQL Server\Client SDK\ODBC\180\Tools\Binn\;C:\Program Files\Microsoft SQL Server\170\DTS\Binn\;C:\Program Files\Docker\Docker\resources\bin;C:\Program Files\Git\cmd;C:\Users\ADMIN\AppData\Local\Programs\Python\Launcher\;C:\Program Files\MySQL\MySQL Shell 8.0\bin\;C:\Users\ADMIN\AppData\Local\Microsoft\WindowsApps;C:\Users\ADMIN\.dotnet\tools;C:\Program Files\JetBrains\IntelliJ IDEA 2025.3\bin
USERNAME=ADMIN
TERM=xterm
OS=Windows_NT
PROCESSOR_IDENTIFIER=Intel64 Family 6 Model 126 Stepping 5, GenuineIntel
TMP=C:\Users\ADMIN\AppData\Local\Temp
TEMP=C:\Users\ADMIN\AppData\Local\Temp




Periodic native trim disabled

---------------  S Y S T E M  ---------------

OS:
 Windows 10 , 64 bit Build 19041 (10.0.19041.5915)
OS uptime: 0 days 3:08 hours
Hyper-V role detected

CPU: total 8 (initial active 8) (4 cores per cpu, 2 threads per core) family 6 model 126 stepping 5 microcode 0xc2, cx8, cmov, fxsr, ht, mmx, 3dnowpref, sse, sse2, sse3, ssse3, sse4.1, sse4.2, popcnt, lzcnt, tsc, tscinvbit, avx, avx2, aes, erms, clmul, bmi1, bmi2, adx, avx512f, avx512dq, avx512cd, avx512bw, avx512vl, sha, fma, vzeroupper, avx512_vpopcntdq, avx512_vpclmulqdq, avx512_vaes, avx512_vnni, clflush, clflushopt, avx512_vbmi2, avx512_vbmi, hv, rdtscp, rdpid, fsrm, gfni, avx512_bitalg, f16c, avx512_ifma
Processor Information for all 8 processors :
  Max Mhz: 1190, Current Mhz: 991, Mhz Limit: 987

Memory: 4k page, system-wide physical 3863M (183M free)
TotalPageFile size 15639M (AvailPageFile size 5M)
current process WorkingSet (physical memory assigned to process): 171M, peak: 171M
current process commit charge ("private bytes"): 214M, peak: 217M

vm_info: Java HotSpot(TM) 64-Bit Server VM (21.0.8+12-LTS-250) for windows-amd64 JRE (21.0.8+12-LTS-250), built on 2025-06-27T08:11:22Z by "mach5one" with MS VC++ 17.6 (VS2022)

END.
