#
# There is insufficient memory for the Java Runtime Environment to continue.
# Native memory allocation (malloc) failed to allocate 1120784 bytes for Chunk::new
# Possible reasons:
#   The system is out of physical RAM or swap space
#   The process is running with CompressedOops enabled, and the Java Heap may be blocking the growth of the native heap
# Possible solutions:
#   Reduce memory load on the system
#   Increase physical memory or swap space
#   Check if swap backing store is full
#   Decrease Java heap size (-Xmx/-Xms)
#   Decrease number of Java threads
#   Decrease Java thread stack sizes (-Xss)
#   Set larger code cache with -XX:ReservedCodeCacheSize=
#   JVM is running with Unscaled Compressed Oops mode in which the Java heap is
#     placed in the first 4GB address space. The Java Heap base address is the
#     maximum limit for the native heap growth. Please use -XX:HeapBaseMinAddress
#     to set the Java Heap base and to place the Java Heap above 4GB virtual address.
# This output file may be truncated or incomplete.
#
#  Out of Memory Error (arena.cpp:168), pid=5236, tid=18436
#
# JRE version: Java(TM) SE Runtime Environment (21.0.8+12) (build 21.0.8+12-LTS-250)
# Java VM: Java HotSpot(TM) 64-Bit Server VM (21.0.8+12-LTS-250, mixed mode, sharing, tiered, compressed oops, compressed class ptrs, g1 gc, windows-amd64)
# No core dump will be written. Minidumps are not enabled by default on client versions of Windows
#

---------------  S U M M A R Y ------------

Command Line: -Dfile.encoding=IBM437 --enable-native-access=ALL-UNNAMED -Dclassworlds.conf=C:\Program Files\JetBrains\IntelliJ IDEA 2025.3\plugins\maven\lib\maven3\bin\m2.conf -Dmaven.home=C:\Program Files\JetBrains\IntelliJ IDEA 2025.3\plugins\maven\lib\maven3 -Dlibrary.jansi.path=C:\Program Files\JetBrains\IntelliJ IDEA 2025.3\plugins\maven\lib\maven3\lib\jansi-native -Dmaven.multiModuleProjectDirectory=D:\PTPMHDV\TMDT\orders-service org.codehaus.plexus.classworlds.launcher.Launcher -Didea.version=2025.3 -Dmaven.ext.class.path=C:\Program Files\JetBrains\IntelliJ IDEA 2025.3\plugins\maven\lib\maven-event-listener.jar -Djansi.passthrough=true -Dstyle.color=always -Dmaven.repo.local=C:\Users\ADMIN\.m2\repository quarkus:dev -f pom.xml

Host: Intel(R) Core(TM) i5-1035G1 CPU @ 1.00GHz, 8 cores, 3G,  Windows 10 , 64 bit Build 19041 (10.0.19041.5915)
Time: Fri Dec 19 11:02:55 2025 SE Asia Standard Time elapsed time: 10.834491 seconds (0d 0h 0m 10s)

---------------  T H R E A D  ---------------

Current thread (0x0000015feab9e270):  JavaThread "C2 CompilerThread0" daemon [_thread_in_native, id=18436, stack(0x0000001508a00000,0x0000001508b00000) (1024K)]


Current CompileTask:
C2:  10834 4350       4       org.codehaus.plexus.interpolation.AbstractDelegatingValueSource::getValue (13 bytes)

Stack: [0x0000001508a00000,0x0000001508b00000]
Native frames: (J=compiled Java code, j=interpreted, Vv=VM code, C=native code)
V  [jvm.dll+0x6cc179]
V  [jvm.dll+0x8584c1]
V  [jvm.dll+0x85a9ee]
V  [jvm.dll+0x85b0c3]
V  [jvm.dll+0x27ebf6]
V  [jvm.dll+0xc4f4d]
V  [jvm.dll+0xc5483]
V  [jvm.dll+0x3b6abc]
V  [jvm.dll+0x1e0363]
V  [jvm.dll+0x2477c2]
V  [jvm.dll+0x246c4f]
V  [jvm.dll+0x1c7a3e]
V  [jvm.dll+0x256359]
V  [jvm.dll+0x2548ea]
V  [jvm.dll+0x3efef6]
V  [jvm.dll+0x80279b]
V  [jvm.dll+0x6ca85d]
C  [ucrtbase.dll+0x21bb2]
C  [KERNEL32.DLL+0x17374]
C  [ntdll.dll+0x4cc91]


---------------  P R O C E S S  ---------------

Threads class SMR info:
_java_thread_list=0x0000015feffd75f0, length=12, elements={
0x0000015fcd4ff970, 0x0000015feab86ef0, 0x0000015feab87db0, 0x0000015feab89b20,
0x0000015feab8c840, 0x0000015feab8d5f0, 0x0000015feab96060, 0x0000015feab9e270,
0x0000015feab9f2e0, 0x0000015fef0e4b40, 0x0000015fef0fca90, 0x0000015fefdd2e90
}

Java Threads: ( => current thread )
  0x0000015fcd4ff970 JavaThread "main"                              [_thread_in_Java, id=17956, stack(0x0000001507c00000,0x0000001507d00000) (1024K)]
  0x0000015feab86ef0 JavaThread "Reference Handler"          daemon [_thread_blocked, id=14064, stack(0x0000001508400000,0x0000001508500000) (1024K)]
  0x0000015feab87db0 JavaThread "Finalizer"                  daemon [_thread_blocked, id=5328, stack(0x0000001508500000,0x0000001508600000) (1024K)]
  0x0000015feab89b20 JavaThread "Signal Dispatcher"          daemon [_thread_blocked, id=13172, stack(0x0000001508600000,0x0000001508700000) (1024K)]
  0x0000015feab8c840 JavaThread "Attach Listener"            daemon [_thread_blocked, id=9840, stack(0x0000001508700000,0x0000001508800000) (1024K)]
  0x0000015feab8d5f0 JavaThread "Service Thread"             daemon [_thread_blocked, id=17080, stack(0x0000001508800000,0x0000001508900000) (1024K)]
  0x0000015feab96060 JavaThread "Monitor Deflation Thread"   daemon [_thread_blocked, id=7504, stack(0x0000001508900000,0x0000001508a00000) (1024K)]
=>0x0000015feab9e270 JavaThread "C2 CompilerThread0"         daemon [_thread_in_native, id=18436, stack(0x0000001508a00000,0x0000001508b00000) (1024K)]
  0x0000015feab9f2e0 JavaThread "C1 CompilerThread0"         daemon [_thread_in_native, id=14348, stack(0x0000001508b00000,0x0000001508c00000) (1024K)]
  0x0000015fef0e4b40 JavaThread "Notification Thread"        daemon [_thread_blocked, id=8320, stack(0x0000001508c00000,0x0000001508d00000) (1024K)]
  0x0000015fef0fca90 JavaThread "Common-Cleaner"             daemon [_thread_blocked, id=15056, stack(0x0000001508d00000,0x0000001508e00000) (1024K)]
  0x0000015fefdd2e90 JavaThread "Thread-1"                   daemon [_thread_blocked, id=9852, stack(0x0000001509500000,0x0000001509600000) (1024K)]
Total: 12

Other Threads:
  0x0000015fcd84cac0 VMThread "VM Thread"                           [id=8088, stack(0x0000001508300000,0x0000001508400000) (1024K)]
  0x0000015feab6aed0 WatcherThread "VM Periodic Task Thread"        [id=9436, stack(0x0000001508200000,0x0000001508300000) (1024K)]
  0x0000015fcd7b7a40 WorkerThread "GC Thread#0"                     [id=12756, stack(0x0000001507d00000,0x0000001507e00000) (1024K)]
  0x0000015fcd84c380 WorkerThread "GC Thread#1"                     [id=16860, stack(0x0000001508e00000,0x0000001508f00000) (1024K)]
  0x0000015fcd84b500 WorkerThread "GC Thread#2"                     [id=13740, stack(0x0000001508f00000,0x0000001509000000) (1024K)]
  0x0000015fcd84b8a0 WorkerThread "GC Thread#3"                     [id=19284, stack(0x0000001509000000,0x0000001509100000) (1024K)]
  0x0000015fcd84c720 WorkerThread "GC Thread#4"                     [id=13688, stack(0x0000001509100000,0x0000001509200000) (1024K)]
  0x0000015fcd84bc40 WorkerThread "GC Thread#5"                     [id=14736, stack(0x0000001509200000,0x0000001509300000) (1024K)]
  0x0000015fcd84bfe0 WorkerThread "GC Thread#6"                     [id=13204, stack(0x0000001509300000,0x0000001509400000) (1024K)]
  0x0000015fefc3fba0 WorkerThread "GC Thread#7"                     [id=19008, stack(0x0000001509400000,0x0000001509500000) (1024K)]
  0x0000015fcd7c02a0 ConcurrentGCThread "G1 Main Marker"            [id=17100, stack(0x0000001507e00000,0x0000001507f00000) (1024K)]
  0x0000015fcd7c1350 WorkerThread "G1 Conc#0"                       [id=14048, stack(0x0000001507f00000,0x0000001508000000) (1024K)]
  0x0000015fcd82fa30 ConcurrentGCThread "G1 Refine#0"               [id=17916, stack(0x0000001508000000,0x0000001508100000) (1024K)]
  0x0000015fcd8303b0 ConcurrentGCThread "G1 Service"                [id=76, stack(0x0000001508100000,0x0000001508200000) (1024K)]
Total: 14

Threads with active compile tasks:
C2 CompilerThread0    10896 4350       4       org.codehaus.plexus.interpolation.AbstractDelegatingValueSource::getValue (13 bytes)
Total: 1

VM state: not at safepoint (normal execution)

VM Mutex/Monitor currently owned by a thread: None

Heap address: 0x00000000c3a00000, size: 966 MB, Compressed Oops mode: 32-bit

CDS archive(s) mapped at: [0x0000015f80000000-0x0000015f80c90000-0x0000015f80c90000), size 13172736, SharedBaseAddress: 0x0000015f80000000, ArchiveRelocationMode: 1.
Compressed class space mapped at: 0x0000015f81000000-0x0000015fc1000000, reserved size: 1073741824
Narrow klass base: 0x0000015f80000000, Narrow klass shift: 0, Narrow klass range: 0x100000000

GC Precious Log:
 CardTable entry size: 512
 Card Set container configuration: InlinePtr #cards 5 size 8 Array Of Cards #cards 12 size 40 Howl #buckets 4 coarsen threshold 1843 Howl Bitmap #cards 512 size 80 coarsen threshold 460 Card regions per heap region 1 cards per card region 2048
 CPUs: 8 total, 8 available
 Memory: 3863M
 Large Page Support: Disabled
 NUMA Support: Disabled
 Compressed Oops: Enabled (32-bit)
 Heap Region Size: 1M
 Heap Min Capacity: 8M
 Heap Initial Capacity: 62M
 Heap Max Capacity: 966M
 Pre-touch: Disabled
 Parallel Workers: 8
 Concurrent Workers: 2
 Concurrent Refinement Workers: 8
 Periodic GC: Disabled

Heap:
 garbage-first heap   total 63488K, used 41471K [0x00000000c3a00000, 0x0000000100000000)
  region size 1024K, 32 young (32768K), 4 survivors (4096K)
 Metaspace       used 16190K, committed 16448K, reserved 1114112K
  class space    used 1803K, committed 1920K, reserved 1048576K

Heap Regions: E=young(eden), S=young(survivor), O=old, HS=humongous(starts), HC=humongous(continues), CS=collection set, F=free, TAMS=top-at-mark-start, PB=parsable bottom
|   0|0x00000000c3a00000, 0x00000000c3b00000, 0x00000000c3b00000|100%| O|  |TAMS 0x00000000c3a00000| PB 0x00000000c3a00000| Untracked 
|   1|0x00000000c3b00000, 0x00000000c3c00000, 0x00000000c3c00000|100%| O|  |TAMS 0x00000000c3b00000| PB 0x00000000c3b00000| Untracked 
|   2|0x00000000c3c00000, 0x00000000c3d00000, 0x00000000c3d00000|100%| O|  |TAMS 0x00000000c3c00000| PB 0x00000000c3c00000| Untracked 
|   3|0x00000000c3d00000, 0x00000000c3e00000, 0x00000000c3e00000|100%| O|  |TAMS 0x00000000c3d00000| PB 0x00000000c3d00000| Untracked 
|   4|0x00000000c3e00000, 0x00000000c3f00000, 0x00000000c3f00000|100%| O|  |TAMS 0x00000000c3e00000| PB 0x00000000c3e00000| Untracked 
|   5|0x00000000c3f00000, 0x00000000c4000000, 0x00000000c4000000|100%| O|  |TAMS 0x00000000c3f00000| PB 0x00000000c3f00000| Untracked 
|   6|0x00000000c4000000, 0x00000000c4100000, 0x00000000c4100000|100%| O|  |TAMS 0x00000000c4000000| PB 0x00000000c4000000| Untracked 
|   7|0x00000000c4100000, 0x00000000c4200000, 0x00000000c4200000|100%| O|  |TAMS 0x00000000c4100000| PB 0x00000000c4100000| Untracked 
|   8|0x00000000c4200000, 0x00000000c4300000, 0x00000000c4300000|100%| O|  |TAMS 0x00000000c4200000| PB 0x00000000c4200000| Untracked 
|   9|0x00000000c4300000, 0x00000000c43d74b0, 0x00000000c4400000| 84%| O|  |TAMS 0x00000000c4300000| PB 0x00000000c4300000| Untracked 
|  10|0x00000000c4400000, 0x00000000c4400000, 0x00000000c4500000|  0%| F|  |TAMS 0x00000000c4400000| PB 0x00000000c4400000| Untracked 
|  11|0x00000000c4500000, 0x00000000c4500000, 0x00000000c4600000|  0%| F|  |TAMS 0x00000000c4500000| PB 0x00000000c4500000| Untracked 
|  12|0x00000000c4600000, 0x00000000c4600000, 0x00000000c4700000|  0%| F|  |TAMS 0x00000000c4600000| PB 0x00000000c4600000| Untracked 
|  13|0x00000000c4700000, 0x00000000c4700000, 0x00000000c4800000|  0%| F|  |TAMS 0x00000000c4700000| PB 0x00000000c4700000| Untracked 
|  14|0x00000000c4800000, 0x00000000c4800000, 0x00000000c4900000|  0%| F|  |TAMS 0x00000000c4800000| PB 0x00000000c4800000| Untracked 
|  15|0x00000000c4900000, 0x00000000c4900000, 0x00000000c4a00000|  0%| F|  |TAMS 0x00000000c4900000| PB 0x00000000c4900000| Untracked 
|  16|0x00000000c4a00000, 0x00000000c4a00000, 0x00000000c4b00000|  0%| F|  |TAMS 0x00000000c4a00000| PB 0x00000000c4a00000| Untracked 
|  17|0x00000000c4b00000, 0x00000000c4b00000, 0x00000000c4c00000|  0%| F|  |TAMS 0x00000000c4b00000| PB 0x00000000c4b00000| Untracked 
|  18|0x00000000c4c00000, 0x00000000c4c00000, 0x00000000c4d00000|  0%| F|  |TAMS 0x00000000c4c00000| PB 0x00000000c4c00000| Untracked 
|  19|0x00000000c4d00000, 0x00000000c4d00000, 0x00000000c4e00000|  0%| F|  |TAMS 0x00000000c4d00000| PB 0x00000000c4d00000| Untracked 
|  20|0x00000000c4e00000, 0x00000000c4e00000, 0x00000000c4f00000|  0%| F|  |TAMS 0x00000000c4e00000| PB 0x00000000c4e00000| Untracked 
|  21|0x00000000c4f00000, 0x00000000c4fa8780, 0x00000000c5000000| 65%| S|CS|TAMS 0x00000000c4f00000| PB 0x00000000c4f00000| Complete 
|  22|0x00000000c5000000, 0x00000000c5100000, 0x00000000c5100000|100%| S|CS|TAMS 0x00000000c5000000| PB 0x00000000c5000000| Complete 
|  23|0x00000000c5100000, 0x00000000c5200000, 0x00000000c5200000|100%| S|CS|TAMS 0x00000000c5100000| PB 0x00000000c5100000| Complete 
|  24|0x00000000c5200000, 0x00000000c5300000, 0x00000000c5300000|100%| S|CS|TAMS 0x00000000c5200000| PB 0x00000000c5200000| Complete 
|  25|0x00000000c5300000, 0x00000000c5300000, 0x00000000c5400000|  0%| F|  |TAMS 0x00000000c5300000| PB 0x00000000c5300000| Untracked 
|  26|0x00000000c5400000, 0x00000000c5400000, 0x00000000c5500000|  0%| F|  |TAMS 0x00000000c5400000| PB 0x00000000c5400000| Untracked 
|  27|0x00000000c5500000, 0x00000000c5500000, 0x00000000c5600000|  0%| F|  |TAMS 0x00000000c5500000| PB 0x00000000c5500000| Untracked 
|  28|0x00000000c5600000, 0x00000000c5600000, 0x00000000c5700000|  0%| F|  |TAMS 0x00000000c5600000| PB 0x00000000c5600000| Untracked 
|  29|0x00000000c5700000, 0x00000000c5700000, 0x00000000c5800000|  0%| F|  |TAMS 0x00000000c5700000| PB 0x00000000c5700000| Untracked 
|  30|0x00000000c5800000, 0x00000000c5800000, 0x00000000c5900000|  0%| F|  |TAMS 0x00000000c5800000| PB 0x00000000c5800000| Untracked 
|  31|0x00000000c5900000, 0x00000000c5900000, 0x00000000c5a00000|  0%| F|  |TAMS 0x00000000c5900000| PB 0x00000000c5900000| Untracked 
|  32|0x00000000c5a00000, 0x00000000c5a00000, 0x00000000c5b00000|  0%| F|  |TAMS 0x00000000c5a00000| PB 0x00000000c5a00000| Untracked 
|  33|0x00000000c5b00000, 0x00000000c5b00000, 0x00000000c5c00000|  0%| F|  |TAMS 0x00000000c5b00000| PB 0x00000000c5b00000| Untracked 
|  34|0x00000000c5c00000, 0x00000000c5c80000, 0x00000000c5d00000| 50%| E|  |TAMS 0x00000000c5c00000| PB 0x00000000c5c00000| Complete 
|  35|0x00000000c5d00000, 0x00000000c5e00000, 0x00000000c5e00000|100%| E|CS|TAMS 0x00000000c5d00000| PB 0x00000000c5d00000| Complete 
|  36|0x00000000c5e00000, 0x00000000c5f00000, 0x00000000c5f00000|100%| E|CS|TAMS 0x00000000c5e00000| PB 0x00000000c5e00000| Complete 
|  37|0x00000000c5f00000, 0x00000000c6000000, 0x00000000c6000000|100%| E|CS|TAMS 0x00000000c5f00000| PB 0x00000000c5f00000| Complete 
|  38|0x00000000c6000000, 0x00000000c6100000, 0x00000000c6100000|100%| E|CS|TAMS 0x00000000c6000000| PB 0x00000000c6000000| Complete 
|  39|0x00000000c6100000, 0x00000000c6200000, 0x00000000c6200000|100%| E|CS|TAMS 0x00000000c6100000| PB 0x00000000c6100000| Complete 
|  40|0x00000000c6200000, 0x00000000c6300000, 0x00000000c6300000|100%| E|CS|TAMS 0x00000000c6200000| PB 0x00000000c6200000| Complete 
|  41|0x00000000c6300000, 0x00000000c6400000, 0x00000000c6400000|100%| E|CS|TAMS 0x00000000c6300000| PB 0x00000000c6300000| Complete 
|  42|0x00000000c6400000, 0x00000000c6500000, 0x00000000c6500000|100%| E|CS|TAMS 0x00000000c6400000| PB 0x00000000c6400000| Complete 
|  43|0x00000000c6500000, 0x00000000c6600000, 0x00000000c6600000|100%| E|CS|TAMS 0x00000000c6500000| PB 0x00000000c6500000| Complete 
|  44|0x00000000c6600000, 0x00000000c6700000, 0x00000000c6700000|100%| E|CS|TAMS 0x00000000c6600000| PB 0x00000000c6600000| Complete 
|  45|0x00000000c6700000, 0x00000000c6800000, 0x00000000c6800000|100%| E|CS|TAMS 0x00000000c6700000| PB 0x00000000c6700000| Complete 
|  46|0x00000000c6800000, 0x00000000c6900000, 0x00000000c6900000|100%| E|CS|TAMS 0x00000000c6800000| PB 0x00000000c6800000| Complete 
|  47|0x00000000c6900000, 0x00000000c6a00000, 0x00000000c6a00000|100%| E|CS|TAMS 0x00000000c6900000| PB 0x00000000c6900000| Complete 
|  48|0x00000000c6a00000, 0x00000000c6b00000, 0x00000000c6b00000|100%| E|CS|TAMS 0x00000000c6a00000| PB 0x00000000c6a00000| Complete 
|  49|0x00000000c6b00000, 0x00000000c6c00000, 0x00000000c6c00000|100%| E|CS|TAMS 0x00000000c6b00000| PB 0x00000000c6b00000| Complete 
|  50|0x00000000c6c00000, 0x00000000c6d00000, 0x00000000c6d00000|100%| E|CS|TAMS 0x00000000c6c00000| PB 0x00000000c6c00000| Complete 
|  51|0x00000000c6d00000, 0x00000000c6e00000, 0x00000000c6e00000|100%| E|CS|TAMS 0x00000000c6d00000| PB 0x00000000c6d00000| Complete 
|  52|0x00000000c6e00000, 0x00000000c6f00000, 0x00000000c6f00000|100%| E|CS|TAMS 0x00000000c6e00000| PB 0x00000000c6e00000| Complete 
|  53|0x00000000c6f00000, 0x00000000c7000000, 0x00000000c7000000|100%| E|CS|TAMS 0x00000000c6f00000| PB 0x00000000c6f00000| Complete 
|  54|0x00000000c7000000, 0x00000000c7100000, 0x00000000c7100000|100%| E|CS|TAMS 0x00000000c7000000| PB 0x00000000c7000000| Complete 
|  55|0x00000000c7100000, 0x00000000c7200000, 0x00000000c7200000|100%| E|CS|TAMS 0x00000000c7100000| PB 0x00000000c7100000| Complete 
|  56|0x00000000c7200000, 0x00000000c7300000, 0x00000000c7300000|100%| E|CS|TAMS 0x00000000c7200000| PB 0x00000000c7200000| Complete 
|  57|0x00000000c7300000, 0x00000000c7400000, 0x00000000c7400000|100%| E|CS|TAMS 0x00000000c7300000| PB 0x00000000c7300000| Complete 
|  58|0x00000000c7400000, 0x00000000c7500000, 0x00000000c7500000|100%| E|CS|TAMS 0x00000000c7400000| PB 0x00000000c7400000| Complete 
|  59|0x00000000c7500000, 0x00000000c7600000, 0x00000000c7600000|100%| E|CS|TAMS 0x00000000c7500000| PB 0x00000000c7500000| Complete 
|  60|0x00000000c7600000, 0x00000000c7700000, 0x00000000c7700000|100%| E|CS|TAMS 0x00000000c7600000| PB 0x00000000c7600000| Complete 
|  61|0x00000000c7700000, 0x00000000c7800000, 0x00000000c7800000|100%| E|CS|TAMS 0x00000000c7700000| PB 0x00000000c7700000| Complete 

Card table byte_map: [0x0000015fe7080000,0x0000015fe7270000] _byte_map_base: 0x0000015fe6a63000

Marking Bits: (CMBitMap*) 0x0000015fcd7b7f50
 Bits: [0x0000015fe7270000, 0x0000015fe8188000)

Polling page: 0x0000015fcd850000

Metaspace:

Usage:
  Non-class:     14.06 MB used.
      Class:      1.76 MB used.
       Both:     15.82 MB used.

Virtual space:
  Non-class space:       64.00 MB reserved,      14.19 MB ( 22%) committed,  1 nodes.
      Class space:        1.00 GB reserved,       1.88 MB ( <1%) committed,  1 nodes.
             Both:        1.06 GB reserved,      16.06 MB (  1%) committed. 

Chunk freelists:
   Non-Class:  1.58 MB
       Class:  13.97 MB
        Both:  15.55 MB

MaxMetaspaceSize: unlimited
CompressedClassSpaceSize: 1.00 GB
Initial GC threshold: 21.00 MB
Current GC threshold: 21.00 MB
CDS: on
 - commit_granule_bytes: 65536.
 - commit_granule_words: 8192.
 - virtual_space_node_default_size: 8388608.
 - enlarge_chunks_in_place: 1.
 - use_allocation_guard: 0.


Internal statistics:

num_allocs_failed_limit: 0.
num_arena_births: 172.
num_arena_deaths: 0.
num_vsnodes_births: 2.
num_vsnodes_deaths: 0.
num_space_committed: 257.
num_space_uncommitted: 0.
num_chunks_returned_to_freelist: 0.
num_chunks_taken_from_freelist: 705.
num_chunk_merges: 0.
num_chunk_splits: 499.
num_chunks_enlarged: 405.
num_inconsistent_stats: 0.

CodeHeap 'non-profiled nmethods': size=120000Kb used=2163Kb max_used=2163Kb free=117836Kb
 bounds [0x0000015fdeec0000, 0x0000015fdf130000, 0x0000015fe63f0000]
CodeHeap 'profiled nmethods': size=120000Kb used=9521Kb max_used=9521Kb free=110478Kb
 bounds [0x0000015fd73f0000, 0x0000015fd7d40000, 0x0000015fde920000]
CodeHeap 'non-nmethods': size=5760Kb used=1532Kb max_used=1584Kb free=4227Kb
 bounds [0x0000015fde920000, 0x0000015fdeb90000, 0x0000015fdeec0000]
 total_blobs=5029 nmethods=4543 adapters=390
 compilation: enabled
              stopped_count=0, restarted_count=0
 full_count=0

Compilation events (20 events):
Event: 10.721 Thread 0x0000015feab9f2e0 4509       3       org.apache.maven.model.Scm::<init> (11 bytes)
Event: 10.721 Thread 0x0000015feab9f2e0 nmethod 4509 0x0000015fd7d1e490 code [0x0000015fd7d1e640, 0x0000015fd7d1e810]
Event: 10.740 Thread 0x0000015feab9f2e0 4510       3       java.io.InputStreamReader::lockFor (24 bytes)
Event: 10.741 Thread 0x0000015feab9f2e0 nmethod 4510 0x0000015fd7d1e910 code [0x0000015fd7d1eb20, 0x0000015fd7d1f288]
Event: 10.741 Thread 0x0000015feab9f2e0 4511       3       sun.nio.cs.StreamDecoder::<init> (23 bytes)
Event: 10.742 Thread 0x0000015feab9f2e0 nmethod 4511 0x0000015fd7d1f510 code [0x0000015fd7d1f700, 0x0000015fd7d1fce0]
Event: 10.742 Thread 0x0000015feab9f2e0 4512       3       sun.nio.cs.StreamDecoder::<init> (52 bytes)
Event: 10.743 Thread 0x0000015feab9f2e0 nmethod 4512 0x0000015fd7d1fe90 code [0x0000015fd7d200a0, 0x0000015fd7d206d0]
Event: 10.744 Thread 0x0000015feab9f2e0 4513       3       org.apache.maven.model.Build::<init> (5 bytes)
Event: 10.744 Thread 0x0000015feab9f2e0 nmethod 4513 0x0000015fd7d20890 code [0x0000015fd7d20a40, 0x0000015fd7d20cc0]
Event: 10.774 Thread 0x0000015feab9f2e0 4514       3       java.io.InputStreamReader::<init> (33 bytes)
Event: 10.775 Thread 0x0000015feab9f2e0 nmethod 4514 0x0000015fd7d20e10 code [0x0000015fd7d21080, 0x0000015fd7d21c48]
Event: 10.775 Thread 0x0000015feab9f2e0 4516   !   3       org.apache.maven.model.IssueManagement::clone (73 bytes)
Event: 10.777 Thread 0x0000015feab9f2e0 nmethod 4516 0x0000015fd7d22010 code [0x0000015fd7d222e0, 0x0000015fd7d23010]
Event: 10.777 Thread 0x0000015feab9f2e0 4515   !   3       sun.nio.cs.StreamDecoder::forInputStreamReader (24 bytes)
Event: 10.778 Thread 0x0000015feab9f2e0 nmethod 4515 0x0000015fd7d23590 code [0x0000015fd7d237a0, 0x0000015fd7d23c80]
Event: 10.778 Thread 0x0000015feab9f2e0 4517       3       org.slf4j.LoggerFactory::getLogger (12 bytes)
Event: 10.778 Thread 0x0000015feab9f2e0 nmethod 4517 0x0000015fd7d23f90 code [0x0000015fd7d24140, 0x0000015fd7d24338]
Event: 10.804 Thread 0x0000015feab9f2e0 4518       3       org.slf4j.LoggerFactory::getLogger (65 bytes)
Event: 10.807 Thread 0x0000015feab9f2e0 nmethod 4518 0x0000015fd7d24410 code [0x0000015fd7d24840, 0x0000015fd7d26440]

GC Heap History (10 events):
Event: 1.852 GC heap before
{Heap before GC invocations=0 (full 0):
 garbage-first heap   total 63488K, used 23552K [0x00000000c3a00000, 0x0000000100000000)
  region size 1024K, 23 young (23552K), 0 survivors (0K)
 Metaspace       used 5647K, committed 5888K, reserved 1114112K
  class space    used 651K, committed 768K, reserved 1048576K
}
Event: 1.875 GC heap after
{Heap after GC invocations=1 (full 0):
 garbage-first heap   total 63488K, used 3736K [0x00000000c3a00000, 0x0000000100000000)
  region size 1024K, 3 young (3072K), 3 survivors (3072K)
 Metaspace       used 5647K, committed 5888K, reserved 1114112K
  class space    used 651K, committed 768K, reserved 1048576K
}
Event: 3.035 GC heap before
{Heap before GC invocations=1 (full 0):
 garbage-first heap   total 63488K, used 33432K [0x00000000c3a00000, 0x0000000100000000)
  region size 1024K, 32 young (32768K), 3 survivors (3072K)
 Metaspace       used 9043K, committed 9216K, reserved 1114112K
  class space    used 1058K, committed 1152K, reserved 1048576K
}
Event: 3.049 GC heap after
{Heap after GC invocations=2 (full 0):
 garbage-first heap   total 63488K, used 5260K [0x00000000c3a00000, 0x0000000100000000)
  region size 1024K, 2 young (2048K), 2 survivors (2048K)
 Metaspace       used 9043K, committed 9216K, reserved 1114112K
  class space    used 1058K, committed 1152K, reserved 1048576K
}
Event: 5.249 GC heap before
{Heap before GC invocations=2 (full 0):
 garbage-first heap   total 63488K, used 41100K [0x00000000c3a00000, 0x0000000100000000)
  region size 1024K, 37 young (37888K), 2 survivors (2048K)
 Metaspace       used 15118K, committed 15424K, reserved 1114112K
  class space    used 1786K, committed 1920K, reserved 1048576K
}
Event: 5.271 GC heap after
{Heap after GC invocations=3 (full 0):
 garbage-first heap   total 63488K, used 9831K [0x00000000c3a00000, 0x0000000100000000)
  region size 1024K, 5 young (5120K), 5 survivors (5120K)
 Metaspace       used 15118K, committed 15424K, reserved 1114112K
  class space    used 1786K, committed 1920K, reserved 1048576K
}
Event: 7.929 GC heap before
{Heap before GC invocations=3 (full 0):
 garbage-first heap   total 63488K, used 42599K [0x00000000c3a00000, 0x0000000100000000)
  region size 1024K, 37 young (37888K), 5 survivors (5120K)
 Metaspace       used 15615K, committed 15872K, reserved 1114112K
  class space    used 1795K, committed 1920K, reserved 1048576K
}
Event: 7.952 GC heap after
{Heap after GC invocations=4 (full 0):
 garbage-first heap   total 63488K, used 11946K [0x00000000c3a00000, 0x0000000100000000)
  region size 1024K, 2 young (2048K), 2 survivors (2048K)
 Metaspace       used 15615K, committed 15872K, reserved 1114112K
  class space    used 1795K, committed 1920K, reserved 1048576K
}
Event: 9.749 GC heap before
{Heap before GC invocations=4 (full 0):
 garbage-first heap   total 63488K, used 47786K [0x00000000c3a00000, 0x0000000100000000)
  region size 1024K, 37 young (37888K), 2 survivors (2048K)
 Metaspace       used 15938K, committed 16192K, reserved 1114112K
  class space    used 1796K, committed 1920K, reserved 1048576K
}
Event: 9.756 GC heap after
{Heap after GC invocations=5 (full 0):
 garbage-first heap   total 63488K, used 13823K [0x00000000c3a00000, 0x0000000100000000)
  region size 1024K, 4 young (4096K), 4 survivors (4096K)
 Metaspace       used 15938K, committed 16192K, reserved 1114112K
  class space    used 1796K, committed 1920K, reserved 1048576K
}

Dll operation events (8 events):
Event: 0.011 Loaded shared library C:\Program Files\Java\jdk-21\bin\java.dll
Event: 0.058 Loaded shared library C:\Program Files\Java\jdk-21\bin\jsvml.dll
Event: 0.089 Loaded shared library C:\Program Files\Java\jdk-21\bin\net.dll
Event: 0.094 Loaded shared library C:\Program Files\Java\jdk-21\bin\nio.dll
Event: 0.112 Loaded shared library C:\Program Files\Java\jdk-21\bin\zip.dll
Event: 0.445 Loaded shared library C:\Program Files\Java\jdk-21\bin\jimage.dll
Event: 0.450 Loaded shared library C:\Program Files\JetBrains\IntelliJ IDEA 2025.3\plugins\maven\lib\maven3\lib\jansi-native\Windows\x86_64\jansi.dll
Event: 0.474 Loaded shared library C:\Program Files\Java\jdk-21\bin\verify.dll

Deoptimization events (20 events):
Event: 10.035 Thread 0x0000015fcd4ff970 Uncommon trap: trap_request=0xffffffbe fr.pc=0x0000015fdf0c79dc relative=0x0000000000000c3c
Event: 10.035 Thread 0x0000015fcd4ff970 Uncommon trap: reason=profile_predicate action=maybe_recompile pc=0x0000015fdf0c79dc method=java.util.regex.Pattern$CharPropertyGreedy.match(Ljava/util/regex/Matcher;ILjava/lang/CharSequence;)Z @ 15 c2
Event: 10.035 Thread 0x0000015fcd4ff970 DEOPT PACKING pc=0x0000015fdf0c79dc sp=0x0000001507cfc080
Event: 10.035 Thread 0x0000015fcd4ff970 DEOPT UNPACKING pc=0x0000015fde977da2 sp=0x0000001507cfc010 mode 2
Event: 10.035 Thread 0x0000015fcd4ff970 Uncommon trap: trap_request=0xffffffbe fr.pc=0x0000015fdf0c79dc relative=0x0000000000000c3c
Event: 10.035 Thread 0x0000015fcd4ff970 Uncommon trap: reason=profile_predicate action=maybe_recompile pc=0x0000015fdf0c79dc method=java.util.regex.Pattern$CharPropertyGreedy.match(Ljava/util/regex/Matcher;ILjava/lang/CharSequence;)Z @ 15 c2
Event: 10.035 Thread 0x0000015fcd4ff970 DEOPT PACKING pc=0x0000015fdf0c79dc sp=0x0000001507cfc080
Event: 10.035 Thread 0x0000015fcd4ff970 DEOPT UNPACKING pc=0x0000015fde977da2 sp=0x0000001507cfc010 mode 2
Event: 10.110 Thread 0x0000015fcd4ff970 DEOPT PACKING pc=0x0000015fd74b9841 sp=0x0000001507cfbb90
Event: 10.110 Thread 0x0000015fcd4ff970 DEOPT UNPACKING pc=0x0000015fde9788e2 sp=0x0000001507cfb090 mode 0
Event: 10.164 Thread 0x0000015fcd4ff970 Uncommon trap: trap_request=0xffffffbe fr.pc=0x0000015fdf0cee88 relative=0x0000000000000be8
Event: 10.164 Thread 0x0000015fcd4ff970 Uncommon trap: reason=profile_predicate action=maybe_recompile pc=0x0000015fdf0cee88 method=java.util.regex.Pattern$CharPropertyGreedy.match(Ljava/util/regex/Matcher;ILjava/lang/CharSequence;)Z @ 103 c2
Event: 10.164 Thread 0x0000015fcd4ff970 DEOPT PACKING pc=0x0000015fdf0cee88 sp=0x0000001507cfb660
Event: 10.164 Thread 0x0000015fcd4ff970 DEOPT UNPACKING pc=0x0000015fde977da2 sp=0x0000001507cfb5f0 mode 2
Event: 10.168 Thread 0x0000015fcd4ff970 Uncommon trap: trap_request=0xffffffbe fr.pc=0x0000015fdf0cee88 relative=0x0000000000000be8
Event: 10.168 Thread 0x0000015fcd4ff970 Uncommon trap: reason=profile_predicate action=maybe_recompile pc=0x0000015fdf0cee88 method=java.util.regex.Pattern$CharPropertyGreedy.match(Ljava/util/regex/Matcher;ILjava/lang/CharSequence;)Z @ 103 c2
Event: 10.168 Thread 0x0000015fcd4ff970 DEOPT PACKING pc=0x0000015fdf0cee88 sp=0x0000001507cfb670
Event: 10.168 Thread 0x0000015fcd4ff970 DEOPT UNPACKING pc=0x0000015fde977da2 sp=0x0000001507cfb600 mode 2
Event: 10.628 Thread 0x0000015fcd4ff970 DEOPT PACKING pc=0x0000015fd7c2c8ac sp=0x0000001507cfc560
Event: 10.628 Thread 0x0000015fcd4ff970 DEOPT UNPACKING pc=0x0000015fde9788e2 sp=0x0000001507cfbab8 mode 0

Classes loaded (20 events):
Event: 4.958 Loading class sun/nio/ch/FileKey
Event: 4.958 Loading class sun/nio/ch/FileKey done
Event: 4.959 Loading class sun/nio/ch/FileLockTable$FileLockReference
Event: 4.959 Loading class sun/nio/ch/FileLockTable$FileLockReference done
Event: 4.959 Loading class java/nio/channels/spi/AbstractInterruptibleChannel$1
Event: 4.959 Loading class sun/nio/ch/Interruptible
Event: 4.959 Loading class sun/nio/ch/Interruptible done
Event: 4.959 Loading class java/nio/channels/spi/AbstractInterruptibleChannel$1 done
Event: 4.962 Loading class java/util/AbstractMap$2
Event: 4.962 Loading class java/util/AbstractMap$2 done
Event: 4.962 Loading class java/util/AbstractMap$2$1
Event: 4.963 Loading class java/util/AbstractMap$2$1 done
Event: 4.984 Loading class java/util/Formatter$FixedString
Event: 4.984 Loading class java/util/Formatter$FixedString done
Event: 5.596 Loading class java/util/stream/Streams$RangeIntSpliterator
Event: 5.597 Loading class java/util/stream/Streams$RangeIntSpliterator done
Event: 6.145 Loading class sun/nio/cs/ISO_8859_1$Decoder
Event: 6.146 Loading class sun/nio/cs/ISO_8859_1$Decoder done
Event: 10.360 Loading class java/util/Collections$UnmodifiableList$1
Event: 10.360 Loading class java/util/Collections$UnmodifiableList$1 done

Classes unloaded (0 events):
No events

Classes redefined (0 events):
No events

Internal exceptions (20 events):
Event: 3.569 Thread 0x0000015fcd4ff970 Exception <a 'java/lang/ExceptionInInitializerError'{0x00000000c6fc2e28}> (0x00000000c6fc2e28) 
thrown [s\open\src\hotspot\share\oops\instanceKlass.cpp, line 1192]
Event: 3.590 Thread 0x0000015fcd4ff970 Exception <a 'java/lang/NoSuchMethodError'{0x00000000c6e2da68}: 'long java.lang.invoke.DirectMethodHandle$Holder.invokeStatic(java.lang.Object, java.lang.Object, int)'> (0x00000000c6e2da68) 
thrown [s\open\src\hotspot\share\interpreter\linkResolver.cpp, line 773]
Event: 3.592 Thread 0x0000015fcd4ff970 Exception <a 'java/lang/NoSuchMethodError'{0x00000000c6e40b40}: 'java.lang.Object java.lang.invoke.DirectMethodHandle$Holder.invokeStatic(java.lang.Object, java.lang.Object, java.lang.Object, java.lang.Object, int)'> (0x00000000c6e40b40) 
thrown [s\open\src\hotspot\share\interpreter\linkResolver.cpp, line 773]
Event: 3.593 Thread 0x0000015fcd4ff970 Exception <a 'java/lang/NoSuchMethodError'{0x00000000c6e48a78}: 'java.lang.Object java.lang.invoke.DirectMethodHandle$Holder.invokeSpecial(java.lang.Object, java.lang.Object, java.lang.Object, java.lang.Object, long)'> (0x00000000c6e48a78) 
thrown [s\open\src\hotspot\share\interpreter\linkResolver.cpp, line 773]
Event: 3.595 Thread 0x0000015fcd4ff970 Exception <a 'java/lang/NoSuchMethodError'{0x00000000c6e54340}: 'java.lang.Object java.lang.invoke.DirectMethodHandle$Holder.invokeSpecial(java.lang.Object, java.lang.Object, java.lang.Object, int, java.lang.Object)'> (0x00000000c6e54340) 
thrown [s\open\src\hotspot\share\interpreter\linkResolver.cpp, line 773]
Event: 3.597 Thread 0x0000015fcd4ff970 Exception <a 'java/lang/NoSuchMethodError'{0x00000000c6e5c480}: 'int java.lang.invoke.DirectMethodHandle$Holder.invokeSpecial(java.lang.Object, java.lang.Object, java.lang.Object, int)'> (0x00000000c6e5c480) 
thrown [s\open\src\hotspot\share\interpreter\linkResolver.cpp, line 773]
Event: 3.609 Thread 0x0000015fcd4ff970 Implicit null exception at 0x0000015fdef4a65a to 0x0000015fdef4a854
Event: 3.612 Thread 0x0000015fcd4ff970 Exception <a 'java/lang/NoSuchMethodError'{0x00000000c6e81290}: 'java.lang.Object java.lang.invoke.Invokers$Holder.invokeExact_MT(java.lang.Object, int, java.lang.Object)'> (0x00000000c6e81290) 
thrown [s\open\src\hotspot\share\interpreter\linkResolver.cpp, line 773]
Event: 4.202 Thread 0x0000015fcd4ff970 Exception <a 'java/lang/NoSuchMethodError'{0x00000000c66a24e0}: 'void java.lang.invoke.Invokers$Holder.invokeExact_MT(java.lang.Object, java.lang.Object, java.lang.Object, java.lang.Object)'> (0x00000000c66a24e0) 
thrown [s\open\src\hotspot\share\interpreter\linkResolver.cpp, line 773]
Event: 4.232 Thread 0x0000015fcd4ff970 Exception <a 'java/lang/NoClassDefFoundError'{0x00000000c6533278}: com/google/inject/servlet/ServletModuleTargetVisitor> (0x00000000c6533278) 
thrown [s\open\src\hotspot\share\classfile\systemDictionary.cpp, line 301]
Event: 4.378 Thread 0x0000015fcd4ff970 Exception <a 'java/lang/NoSuchMethodError'{0x00000000c63ee0f0}: 'void java.lang.invoke.DirectMethodHandle$Holder.invokeVirtual(java.lang.Object, java.lang.Object)'> (0x00000000c63ee0f0) 
thrown [s\open\src\hotspot\share\interpreter\linkResolver.cpp, line 773]
Event: 4.464 Thread 0x0000015fcd4ff970 Exception <a 'java/lang/NoSuchMethodError'{0x00000000c627cf68}: 'java.lang.Object java.lang.invoke.DirectMethodHandle$Holder.invokeStaticInit(java.lang.Object, int, int, int, int)'> (0x00000000c627cf68) 
thrown [s\open\src\hotspot\share\interpreter\linkResolver.cpp, line 773]
Event: 4.764 Thread 0x0000015fcd4ff970 Implicit null exception at 0x0000015fdef0d224 to 0x0000015fdef0d8f4
Event: 4.765 Thread 0x0000015fcd4ff970 Implicit null exception at 0x0000015fdeeeb1a0 to 0x0000015fdeeeb860
Event: 4.787 Thread 0x0000015fcd4ff970 Exception <a 'java/lang/NoSuchMethodError'{0x00000000c5d73760}: 'void java.lang.invoke.DirectMethodHandle$Holder.invokeSpecial(java.lang.Object, java.lang.Object, java.lang.Object, java.lang.Object, java.lang.Object)'> (0x00000000c5d73760) 
thrown [s\open\src\hotspot\share\interpreter\linkResolver.cpp, line 773]
Event: 4.797 Thread 0x0000015fcd4ff970 Exception <a 'java/lang/NoSuchMethodError'{0x00000000c5d92220}: 'java.lang.Object java.lang.invoke.DirectMethodHandle$Holder.invokeVirtual(java.lang.Object, java.lang.Object, java.lang.Object)'> (0x00000000c5d92220) 
thrown [s\open\src\hotspot\share\interpreter\linkResolver.cpp, line 773]
Event: 4.801 Thread 0x0000015fcd4ff970 Exception <a 'java/lang/NoSuchMethodError'{0x00000000c5d9f230}: 'void java.lang.invoke.DirectMethodHandle$Holder.invokeSpecial(java.lang.Object, java.lang.Object, java.lang.Object, java.lang.Object, java.lang.Object, java.lang.Object)'> (0x00000000c5d9f230) 
thrown [s\open\src\hotspot\share\interpreter\linkResolver.cpp, line 773]
Event: 4.886 Thread 0x0000015fcd4ff970 Exception <a 'java/lang/NoSuchMethodError'{0x00000000c5cb4fd8}: 'void java.lang.invoke.DirectMethodHandle$Holder.invokeVirtual(java.lang.Object, java.lang.Object, int)'> (0x00000000c5cb4fd8) 
thrown [s\open\src\hotspot\share\interpreter\linkResolver.cpp, line 773]
Event: 4.887 Thread 0x0000015fcd4ff970 Exception <a 'java/lang/NoSuchMethodError'{0x00000000c5cb8d88}: 'void java.lang.invoke.DirectMethodHandle$Holder.invokeSpecial(java.lang.Object, java.lang.Object, java.lang.Object, int)'> (0x00000000c5cb8d88) 
thrown [s\open\src\hotspot\share\interpreter\linkResolver.cpp, line 773]
Event: 4.887 Thread 0x0000015fcd4ff970 Exception <a 'java/lang/NoSuchMethodError'{0x00000000c5cbc458}: 'void java.lang.invoke.DelegatingMethodHandle$Holder.reinvoke_L(java.lang.Object, java.lang.Object, int)'> (0x00000000c5cbc458) 
thrown [s\open\src\hotspot\share\interpreter\linkResolver.cpp, line 773]

ZGC Phase Switch (0 events):
No events

VM Operations (20 events):
Event: 4.575 Executing VM operation: HandshakeAllThreads (Deoptimize)
Event: 4.575 Executing VM operation: HandshakeAllThreads (Deoptimize) done
Event: 4.673 Executing VM operation: HandshakeAllThreads (Deoptimize)
Event: 4.673 Executing VM operation: HandshakeAllThreads (Deoptimize) done
Event: 4.675 Executing VM operation: HandshakeAllThreads (Deoptimize)
Event: 4.675 Executing VM operation: HandshakeAllThreads (Deoptimize) done
Event: 5.249 Executing VM operation: G1CollectForAllocation (G1 Evacuation Pause)
Event: 5.271 Executing VM operation: G1CollectForAllocation (G1 Evacuation Pause) done
Event: 6.278 Executing VM operation: Cleanup
Event: 6.279 Executing VM operation: Cleanup done
Event: 7.293 Executing VM operation: Cleanup
Event: 7.294 Executing VM operation: Cleanup done
Event: 7.929 Executing VM operation: G1CollectForAllocation (G1 Evacuation Pause)
Event: 7.952 Executing VM operation: G1CollectForAllocation (G1 Evacuation Pause) done
Event: 8.954 Executing VM operation: Cleanup
Event: 8.954 Executing VM operation: Cleanup done
Event: 9.749 Executing VM operation: G1CollectForAllocation (G1 Evacuation Pause)
Event: 9.756 Executing VM operation: G1CollectForAllocation (G1 Evacuation Pause) done
Event: 10.761 Executing VM operation: Cleanup
Event: 10.761 Executing VM operation: Cleanup done

Events (14 events):
Event: 0.033 Thread 0x0000015fcd4ff970 Thread added: 0x0000015fcd4ff970
Event: 0.053 Thread 0x0000015feab86ef0 Thread added: 0x0000015feab86ef0
Event: 0.053 Thread 0x0000015feab87db0 Thread added: 0x0000015feab87db0
Event: 0.053 Thread 0x0000015feab89b20 Thread added: 0x0000015feab89b20
Event: 0.053 Thread 0x0000015feab8c840 Thread added: 0x0000015feab8c840
Event: 0.053 Thread 0x0000015feab8d5f0 Thread added: 0x0000015feab8d5f0
Event: 0.054 Thread 0x0000015feab96060 Thread added: 0x0000015feab96060
Event: 0.054 Thread 0x0000015feab9e270 Thread added: 0x0000015feab9e270
Event: 0.054 Thread 0x0000015feab9f2e0 Thread added: 0x0000015feab9f2e0
Event: 0.077 Thread 0x0000015fef0e4b40 Thread added: 0x0000015fef0e4b40
Event: 0.081 Thread 0x0000015fef0fca90 Thread added: 0x0000015fef0fca90
Event: 0.440 Thread 0x0000015fef3e3fb0 Thread added: 0x0000015fef3e3fb0
Event: 0.528 Thread 0x0000015fef3e3fb0 Thread exited: 0x0000015fef3e3fb0
Event: 4.610 Thread 0x0000015fefdd2e90 Thread added: 0x0000015fefdd2e90


Dynamic libraries:
0x00007ff615830000 - 0x00007ff615840000 	C:\Program Files\Java\jdk-21\bin\java.exe
0x00007ff93d4f0000 - 0x00007ff93d6e8000 	C:\Windows\SYSTEM32\ntdll.dll
0x00007ff93c5f0000 - 0x00007ff93c6b2000 	C:\Windows\System32\KERNEL32.DLL
0x00007ff93adc0000 - 0x00007ff93b0b6000 	C:\Windows\System32\KERNELBASE.dll
0x00007ff93ab80000 - 0x00007ff93ac80000 	C:\Windows\System32\ucrtbase.dll
0x00007ff934200000 - 0x00007ff93421b000 	C:\Program Files\Java\jdk-21\bin\VCRUNTIME140.dll
0x00007ff92ff90000 - 0x00007ff92ffa9000 	C:\Program Files\Java\jdk-21\bin\jli.dll
0x00007ff93d060000 - 0x00007ff93d111000 	C:\Windows\System32\ADVAPI32.dll
0x00007ff93cee0000 - 0x00007ff93cf7e000 	C:\Windows\System32\msvcrt.dll
0x00007ff93c7f0000 - 0x00007ff93c88f000 	C:\Windows\System32\sechost.dll
0x00007ff93c4d0000 - 0x00007ff93c5f0000 	C:\Windows\System32\RPCRT4.dll
0x00007ff93b220000 - 0x00007ff93b247000 	C:\Windows\System32\bcrypt.dll
0x00007ff93c8a0000 - 0x00007ff93ca41000 	C:\Windows\System32\USER32.dll
0x00007ff93ad00000 - 0x00007ff93ad22000 	C:\Windows\System32\win32u.dll
0x00007ff927010000 - 0x00007ff9272ab000 	C:\Windows\WinSxS\amd64_microsoft.windows.common-controls_6595b64144ccf1df_6.0.19041.6456_none_60b8a6cb71f64256\COMCTL32.dll
0x00007ff93c7c0000 - 0x00007ff93c7eb000 	C:\Windows\System32\GDI32.dll
0x00007ff93b340000 - 0x00007ff93b459000 	C:\Windows\System32\gdi32full.dll
0x00007ff93b250000 - 0x00007ff93b2ed000 	C:\Windows\System32\msvcp_win.dll
0x00007ff9360c0000 - 0x00007ff9360ca000 	C:\Windows\SYSTEM32\VERSION.dll
0x00007ff93c4a0000 - 0x00007ff93c4cf000 	C:\Windows\System32\IMM32.DLL
0x00007ff9325e0000 - 0x00007ff9325ec000 	C:\Program Files\Java\jdk-21\bin\vcruntime140_1.dll
0x00007ff90db90000 - 0x00007ff90dc1e000 	C:\Program Files\Java\jdk-21\bin\msvcp140.dll
0x00007ff8f0ac0000 - 0x00007ff8f17dd000 	C:\Program Files\Java\jdk-21\bin\server\jvm.dll
0x00007ff93c6c0000 - 0x00007ff93c72b000 	C:\Windows\System32\WS2_32.dll
0x00007ff93a9e0000 - 0x00007ff93aa2b000 	C:\Windows\SYSTEM32\POWRPROF.dll
0x00007ff927460000 - 0x00007ff927487000 	C:\Windows\SYSTEM32\WINMM.dll
0x00007ff93a9c0000 - 0x00007ff93a9d2000 	C:\Windows\SYSTEM32\UMPDC.dll
0x00007ff939350000 - 0x00007ff939362000 	C:\Windows\SYSTEM32\kernel.appcore.dll
0x00007ff9323b0000 - 0x00007ff9323ba000 	C:\Program Files\Java\jdk-21\bin\jimage.dll
0x00007ff938720000 - 0x00007ff938921000 	C:\Windows\SYSTEM32\DBGHELP.DLL
0x00007ff924b10000 - 0x00007ff924b44000 	C:\Windows\SYSTEM32\dbgcore.DLL
0x00007ff93ad30000 - 0x00007ff93adb2000 	C:\Windows\System32\bcryptPrimitives.dll
0x00007ff91fd70000 - 0x00007ff91fd8f000 	C:\Program Files\Java\jdk-21\bin\java.dll
0x00007ff93bcd0000 - 0x00007ff93c440000 	C:\Windows\System32\SHELL32.dll
0x00007ff938b90000 - 0x00007ff939335000 	C:\Windows\SYSTEM32\windows.storage.dll
0x00007ff93cab0000 - 0x00007ff93ce04000 	C:\Windows\System32\combase.dll
0x00007ff93a4d0000 - 0x00007ff93a4fb000 	C:\Windows\SYSTEM32\Wldp.dll
0x00007ff93ce10000 - 0x00007ff93cedd000 	C:\Windows\System32\OLEAUT32.dll
0x00007ff93d120000 - 0x00007ff93d1cd000 	C:\Windows\System32\SHCORE.dll
0x00007ff93c440000 - 0x00007ff93c49b000 	C:\Windows\System32\shlwapi.dll
0x00007ff93aab0000 - 0x00007ff93aad4000 	C:\Windows\SYSTEM32\profapi.dll
0x00007ff90b290000 - 0x00007ff90b367000 	C:\Program Files\Java\jdk-21\bin\jsvml.dll
0x00007ff932380000 - 0x00007ff932390000 	C:\Program Files\Java\jdk-21\bin\net.dll
0x00007ff92f670000 - 0x00007ff92f77a000 	C:\Windows\SYSTEM32\WINHTTP.dll
0x00007ff93a210000 - 0x00007ff93a27a000 	C:\Windows\system32\mswsock.dll
0x00007ff91d920000 - 0x00007ff91d936000 	C:\Program Files\Java\jdk-21\bin\nio.dll
0x00007ff91b200000 - 0x00007ff91b218000 	C:\Program Files\Java\jdk-21\bin\zip.dll
0x00007ff918ea0000 - 0x00007ff918ec4000 	C:\Program Files\JetBrains\IntelliJ IDEA 2025.3\plugins\maven\lib\maven3\lib\jansi-native\Windows\x86_64\jansi.dll
0x00007ff930d50000 - 0x00007ff930d60000 	C:\Program Files\Java\jdk-21\bin\verify.dll

dbghelp: loaded successfully - version: 4.0.5 - missing functions: none
symbol engine: initialized successfully - sym options: 0x614 - pdb path: .;C:\Program Files\Java\jdk-21\bin;C:\Windows\SYSTEM32;C:\Windows\WinSxS\amd64_microsoft.windows.common-controls_6595b64144ccf1df_6.0.19041.6456_none_60b8a6cb71f64256;C:\Program Files\Java\jdk-21\bin\server;C:\Program Files\JetBrains\IntelliJ IDEA 2025.3\plugins\maven\lib\maven3\lib\jansi-native\Windows\x86_64

VM Arguments:
jvm_args: -Dfile.encoding=IBM437 --enable-native-access=ALL-UNNAMED -Dclassworlds.conf=C:\Program Files\JetBrains\IntelliJ IDEA 2025.3\plugins\maven\lib\maven3\bin\m2.conf -Dmaven.home=C:\Program Files\JetBrains\IntelliJ IDEA 2025.3\plugins\maven\lib\maven3 -Dlibrary.jansi.path=C:\Program Files\JetBrains\IntelliJ IDEA 2025.3\plugins\maven\lib\maven3\lib\jansi-native -Dmaven.multiModuleProjectDirectory=D:\PTPMHDV\TMDT\orders-service 
java_command: org.codehaus.plexus.classworlds.launcher.Launcher -Didea.version=2025.3 -Dmaven.ext.class.path=C:\Program Files\JetBrains\IntelliJ IDEA 2025.3\plugins\maven\lib\maven-event-listener.jar -Djansi.passthrough=true -Dstyle.color=always -Dmaven.repo.local=C:\Users\ADMIN\.m2\repository quarkus:dev -f pom.xml
java_class_path (initial): C:\Program Files\JetBrains\IntelliJ IDEA 2025.3\plugins\maven\lib\maven3\boot\plexus-classworlds-2.9.0.jar
Launcher Type: SUN_STANDARD

[Global flags]
     intx CICompilerCount                          = 4                                         {product} {ergonomic}
     uint ConcGCThreads                            = 2                                         {product} {ergonomic}
     uint G1ConcRefinementThreads                  = 8                                         {product} {ergonomic}
   size_t G1HeapRegionSize                         = 1048576                                   {product} {ergonomic}
    uintx GCDrainStackTargetSize                   = 64                                        {product} {ergonomic}
   size_t InitialHeapSize                          = 65011712                                  {product} {ergonomic}
   size_t MarkStackSize                            = 4194304                                   {product} {ergonomic}
   size_t MaxHeapSize                              = 1012924416                                {product} {ergonomic}
   size_t MaxNewSize                               = 607125504                                 {product} {ergonomic}
   size_t MinHeapDeltaBytes                        = 1048576                                   {product} {ergonomic}
   size_t MinHeapSize                              = 8388608                                   {product} {ergonomic}
    uintx NonNMethodCodeHeapSize                   = 5839372                                {pd product} {ergonomic}
    uintx NonProfiledCodeHeapSize                  = 122909434                              {pd product} {ergonomic}
    uintx ProfiledCodeHeapSize                     = 122909434                              {pd product} {ergonomic}
    uintx ReservedCodeCacheSize                    = 251658240                              {pd product} {ergonomic}
     bool SegmentedCodeCache                       = true                                      {product} {ergonomic}
   size_t SoftMaxHeapSize                          = 1012924416                             {manageable} {ergonomic}
     bool UseCompressedOops                        = true                           {product lp64_product} {ergonomic}
     bool UseG1GC                                  = true                                      {product} {ergonomic}
     bool UseLargePagesIndividualAllocation        = false                                  {pd product} {ergonomic}

Logging:
Log output configuration:
 #0: stdout all=warning uptime,level,tags foldmultilines=false
 #1: stderr all=off uptime,level,tags foldmultilines=false

Environment Variables:
JAVA_HOME=C:\Program Files\Java\jdk-21
JAVA_TOOL_OPTIONS=-Dfile.encoding=IBM437
PATH=C:\Program Files\Common Files\Oracle\Java\javapath;C:\Windows\system32;C:\Windows;C:\Windows\System32\Wbem;C:\Windows\System32\WindowsPowerShell\v1.0\;C:\Windows\System32\OpenSSH\;C:\Program Files (x86)\Rational\common;C:\Program Files\Microsoft SQL Server\150\Tools\Binn\;C:\Program Files\Microsoft SQL Server\Client SDK\ODBC\170\Tools\Binn\;C:\Program Files\dotnet\;C:\Program Files (x86)\Microsoft SQL Server\160\DTS\Binn\;C:\Program Files (x86)\Microsoft SQL Server\170\Tools\Binn\;C:\Program Files\Microsoft SQL Server\170\Tools\Binn\;C:\Program Files\Microsoft SQL Server\Client SDK\ODBC\180\Tools\Binn\;C:\Program Files\Microsoft SQL Server\170\DTS\Binn\;C:\Program Files\Docker\Docker\resources\bin;C:\Users\ADMIN\AppData\Local\Programs\Python\Launcher\;C:\Program Files\MySQL\MySQL Shell 8.0\bin\;C:\Users\ADMIN\AppData\Local\Microsoft\WindowsApps;C:\Users\ADMIN\.dotnet\tools;C:\Program Files\JetBrains\IntelliJ IDEA 2025.3\bin
USERNAME=ADMIN
OS=Windows_NT
PROCESSOR_IDENTIFIER=Intel64 Family 6 Model 126 Stepping 5, GenuineIntel
TMP=C:\Users\ADMIN\AppData\Local\Temp
TEMP=C:\Users\ADMIN\AppData\Local\Temp




Periodic native trim disabled

---------------  S Y S T E M  ---------------

OS:
 Windows 10 , 64 bit Build 19041 (10.0.19041.5915)
OS uptime: 1 days 23:56 hours
Hyper-V role detected

CPU: total 8 (initial active 8) (4 cores per cpu, 2 threads per core) family 6 model 126 stepping 5 microcode 0xc2, cx8, cmov, fxsr, ht, mmx, 3dnowpref, sse, sse2, sse3, ssse3, sse4.1, sse4.2, popcnt, lzcnt, tsc, tscinvbit, avx, avx2, aes, erms, clmul, bmi1, bmi2, adx, avx512f, avx512dq, avx512cd, avx512bw, avx512vl, sha, fma, vzeroupper, avx512_vpopcntdq, avx512_vpclmulqdq, avx512_vaes, avx512_vnni, clflush, clflushopt, avx512_vbmi2, avx512_vbmi, hv, rdtscp, rdpid, fsrm, gfni, avx512_bitalg, f16c, avx512_ifma
Processor Information for all 8 processors :
  Max Mhz: 1190, Current Mhz: 991, Mhz Limit: 987

Memory: 4k page, system-wide physical 3863M (266M free)
TotalPageFile size 15639M (AvailPageFile size 4M)
current process WorkingSet (physical memory assigned to process): 129M, peak: 137M
current process commit charge ("private bytes"): 191M, peak: 194M

vm_info: Java HotSpot(TM) 64-Bit Server VM (21.0.8+12-LTS-250) for windows-amd64 JRE (21.0.8+12-LTS-250), built on 2025-06-27T08:11:22Z by "mach5one" with MS VC++ 17.6 (VS2022)

END.
